{"numTotalTestSuites":173,"numPassedTestSuites":162,"numFailedTestSuites":11,"numPendingTestSuites":0,"numTotalTests":429,"numPassedTests":422,"numFailedTests":7,"numPendingTests":0,"numTodoTests":0,"snapshot":{"added":0,"failure":false,"filesAdded":0,"filesRemoved":0,"filesRemovedList":[],"filesUnmatched":0,"filesUpdated":0,"matched":0,"total":0,"unchecked":0,"uncheckedKeysByFile":[],"unmatched":0,"updated":0,"didUpdate":false},"startTime":1763811024297,"success":false,"testResults":[{"assertionResults":[{"ancestorTitles":["ResponsibilityBlock","Rendering"],"fullName":"ResponsibilityBlock Rendering renders the component","status":"passed","title":"renders the component","duration":28.952249999999935,"failureMessages":[],"meta":{}},{"ancestorTitles":["ResponsibilityBlock","Rendering"],"fullName":"ResponsibilityBlock Rendering renders with gradient background section","status":"passed","title":"renders with gradient background section","duration":4.110041000000024,"failureMessages":[],"meta":{}},{"ancestorTitles":["ResponsibilityBlock","Rendering"],"fullName":"ResponsibilityBlock Rendering contains the ResponsibilityFinder component in compact mode","status":"passed","title":"contains the ResponsibilityFinder component in compact mode","duration":3.09962500000006,"failureMessages":[],"meta":{}},{"ancestorTitles":["ResponsibilityBlock","Quick Links"],"fullName":"ResponsibilityBlock Quick Links renders all three quick links","status":"failed","title":"renders all three quick links","duration":7.222624999999994,"failureMessages":["TestingLibraryElementError: Found multiple elements with the text: /Contact/i\n\nHere are the matching elements:\n\nIgnored nodes: comments, script, style\n\u001b[36m<p\u001b[39m\n  \u001b[33mclass\u001b[39m=\u001b[32m\"text-lg md:text-xl text-gray-dark max-w-2xl mx-auto\"\u001b[39m\n\u001b[36m>\u001b[39m\n  \u001b[0mVind snel de juiste contactpersoon voor jouw vraag\u001b[0m\n\u001b[36m</p>\u001b[39m\n\nIgnored nodes: comments, script, style\n\u001b[36m<div\u001b[39m\n  \u001b[33mclass\u001b[39m=\u001b[32m\"font-semibold text-gray-blue group-hover:text-green-main\"\u001b[39m\n\u001b[36m>\u001b[39m\n  \u001b[0mContact\u001b[0m\n\u001b[36m</div>\u001b[39m\n\n(If this is intentional, then use the `*AllBy*` variant of the query (like `queryAllByText`, `getAllByText`, or `findAllByText`)).\n\nIgnored nodes: comments, script, style\n\u001b[36m<body>\u001b[39m\n  \u001b[36m<div>\u001b[39m\n    \u001b[36m<section\u001b[39m\n      \u001b[33mclass\u001b[39m=\u001b[32m\"bg-gradient-to-br from-green-main/5 to-green-hover/5 py-16 px-4\"\u001b[39m\n    \u001b[36m>\u001b[39m\n      \u001b[36m<div\u001b[39m\n        \u001b[33mclass\u001b[39m=\u001b[32m\"max-w-5xl mx-auto\"\u001b[39m\n      \u001b[36m>\u001b[39m\n        \u001b[36m<div\u001b[39m\n          \u001b[33mclass\u001b[39m=\u001b[32m\"text-center mb-12\"\u001b[39m\n        \u001b[36m>\u001b[39m\n          \u001b[36m<h2\u001b[39m\n            \u001b[33mclass\u001b[39m=\u001b[32m\"text-3xl md:text-5xl font-bold text-gray-blue mb-4\"\u001b[39m\n            \u001b[33mstyle\u001b[39m=\u001b[32m\"font-family: quasimoda, acumin-pro, Montserrat, sans-serif;\"\u001b[39m\n          \u001b[36m>\u001b[39m\n            \u001b[0mHoe kunnen we je helpen?\u001b[0m\n          \u001b[36m</h2>\u001b[39m\n          \u001b[36m<p\u001b[39m\n            \u001b[33mclass\u001b[39m=\u001b[32m\"text-lg md:text-xl text-gray-dark max-w-2xl mx-auto\"\u001b[39m\n          \u001b[36m>\u001b[39m\n            \u001b[0mVind snel de juiste contactpersoon voor jouw vraag\u001b[0m\n          \u001b[36m</p>\u001b[39m\n        \u001b[36m</div>\u001b[39m\n        \u001b[36m<div\u001b[39m\n          \u001b[33mclass\u001b[39m=\u001b[32m\"bg-white rounded-2xl shadow-xl p-6 md:p-10\"\u001b[39m\n        \u001b[36m>\u001b[39m\n          \u001b[36m<div\u001b[39m\n            \u001b[33mclass\u001b[39m=\u001b[32m\"responsibility-finder compact\"\u001b[39m\n          \u001b[36m>\u001b[39m\n            \u001b[36m<div\u001b[39m\n              \u001b[33mclass\u001b[39m=\u001b[32m\"question-builder space-y-6\"\u001b[39m\n            \u001b[36m>\u001b[39m\n              \u001b[36m<div\u001b[39m\n                \u001b[33mclass\u001b[39m=\u001b[32m\"role-selector\"\u001b[39m\n              \u001b[36m>\u001b[39m\n                \u001b[36m<h2\u001b[39m\n                  \u001b[33mclass\u001b[39m=\u001b[32m\"text-2xl md:text-4xl font-bold text-gray-blue mb-4\"\u001b[39m\n                  \u001b[33mstyle\u001b[39m=\u001b[32m\"font-family: quasimoda, acumin-pro, Montserrat, sans-serif;\"\u001b[39m\n                \u001b[36m>\u001b[39m\n                  \u001b[0mIK BEN\u001b[0m\n                \u001b[36m</h2>\u001b[39m\n                \u001b[36m<div\u001b[39m\n                  \u001b[33mclass\u001b[39m=\u001b[32m\"flex flex-wrap gap-3\"\u001b[39m\n                \u001b[36m>\u001b[39m\n                  \u001b[36m<button\u001b[39m\n                    \u001b[33mclass\u001b[39m=\u001b[32m\"\n                  px-6 py-3 rounded-lg font-bold text-lg transition-all\n                  bg-white text-gray-dark border-2 border-gray-light hover:border-green-main hover:text-green-main\n                \"\u001b[39m\n                    \u001b[33mstyle\u001b[39m=\u001b[32m\"font-family: Montserrat, sans-serif;\"\u001b[39m\n                  \u001b[36m>\u001b[39m\n                    \u001b[0mSPELER\u001b[0m\n                  \u001b[36m</button>\u001b[39m\n                  \u001b[36m<button\u001b[39m\n                    \u001b[33mclass\u001b[39m=\u001b[32m\"\n                  px-6 py-3 rounded-lg font-bold text-lg transition-all\n                  bg-white text-gray-dark border-2 border-gray-light hover:border-green-main hover:text-green-main\n                \"\u001b[39m\n                    \u001b[33mstyle\u001b[39m=\u001b[32m\"font-family: Montserrat, sans-serif;\"\u001b[39m\n                  \u001b[36m>\u001b[39m\n                    \u001b[0mOUDER\u001b[0m\n                  \u001b[36m</button>\u001b[39m\n                  \u001b[36m<button\u001b[39m\n                    \u001b[33mclass\u001b[39m=\u001b[32m\"\n                  px-6 py-3 rounded-lg font-bold text-lg transition-all\n                  bg-white text-gray-dark border-2 border-gray-light hover:border-green-main hover:text-green-main\n                \"\u001b[39m\n                    \u001b[33mstyle\u001b[39m=\u001b[32m\"font-family: Montserrat, sans-serif;\"\u001b[39m\n                  \u001b[36m>\u001b[39m\n                    \u001b[0mTRAINER\u001b[0m\n                  \u001b[36m</button>\u001b[39m\n                  \u001b[36m<button\u001b[39m\n                    \u001b[33mclass\u001b[39m=\u001b[32m\"\n                  px-6 py-3 rounded-lg font-bold text-lg transition-all\n                  bg-white text-gray-dark border-2 border-gray-light hover:border-green-main hover:text-green-main\n                \"\u001b[39m\n                    \u001b[33mstyle\u001b[39m=\u001b[32m\"font-family: Montserrat, sans-serif;\"\u001b[39m\n                  \u001b[36m>\u001b[39m\n                    \u001b[0mSUPPORTER\u001b[0m\n                  \u001b[36m</button>\u001b[39m\n                  \u001b[36m<button\u001b[39m\n                    \u001b[33mclass\u001b[39m=\u001b[32m\"\n                  px-6 py-3 rounded-lg font-bold text-lg transition-all\n                  bg-white text-gray-dark border-2 border-gray-light hover:border-green-main hover:text-green-main\n                \"\u001b[39m\n                    \u001b[33mstyle\u001b[39m=\u001b[32m\"font-family: Montserrat, sans-serif;\"\u001b[39m\n                  \u001b[36m>\u001b[39m\n                    \u001b[0mNIET-LID\u001b[0m\n                  \u001b[36m</button>\u001b[39m\n                  \u001b[36m<button\u001b[39m\n                    \u001b[33mclass\u001b[39m=\u001b[32m\"\n                  px-6 py-3 rounded-lg font-bold text-lg transition-all\n                  bg-white text-gray-dark border-2 border-gray-light hover:border-green-main hover:text-green-main\n                \"\u001b[39m\n                    \u001b[33mstyle\u001b[39m=\u001b[32m\"font-family: Montserrat, sans-serif;\"\u001b[39m\n                  \u001b[36m>\u001b[39m\n                    \u001b[0mANDERE\u001b[0m\n                  \u001b[36m</button>\u001b[39m\n                \u001b[36m</div>\u001b[39m\n              \u001b[36m</div>\u001b[39m\n            \u001b[36m</div>\u001b[39m\n          \u001b[36m</div>\u001b[39m\n          \u001b[36m<div\u001b[39m\n            \u001b[33mclass\u001b[39m=\u001b[32m\"mt-8 text-center\"\u001b[39m\n          \u001b[36m>\u001b[39m\n            \u001b[36m<a\u001b[39m\n              \u001b[33mclass\u001b[39m=\u001b[32m\"inline-flex items-center gap-2 text-green-main hover:text-green-hover font-semibold transition-colors\"\u001b[39m\n              \u001b[33mhref\u001b[39m=\u001b[32m\"/hulp\"\u001b[39m\n            \u001b[36m>\u001b[39m\n              \u001b[0mBekijk alle veelgestelde vragen\u001b[0m\n              \u001b[36m<svg\u001b[39m\n                \u001b[33mclass\u001b[39m=\u001b[32m\"w-4 h-4\"\u001b[39m\n                \u001b[33mfill\u001b[39m=\u001b[32m\"none\"\u001b[39m\n                \u001b[33mstroke\u001b[39m=\u001b[32m\"currentColor\"\u001b[39m\n                \u001b[33mviewBox\u001b[39m=\u001b[32m\"0 0 24 24\"\u001b[39m\n              \u001b[36m>\u001b[39m\n                \u001b[36m<path\u001b[39m\n                  \u001b[33md\u001b[39m=\u001b[32m\"M9 5l7 7-7 7\"\u001b[39m\n                  \u001b[33mstroke-linecap\u001b[39m=\u001b[32m\"round\"\u001b[39m\n                  \u001b[33mstroke-linejoin\u001b[39m=\u001b[32m\"round\"\u001b[39m\n                  \u001b[33mstroke-width\u001b[39m=\u001b[32m\"2\"\u001b[39m\n                \u001b[36m/>\u001b[39m\n              \u001b[36m</svg>\u001b[39m\n            \u001b[36m</a>\u001b[39m\n          \u001b[36m</div>\u001b[39m\n        \u001b[36m</div>\u001b[39m\n        \u001b[36m<div\u001b[39m\n          \u001b[33mclass\u001b[39m=\u001b[32m\"mt-8 grid grid-cols-1 md:grid-cols-3 gap-4\"\u001b[39m\n        \u001b[36m>\u001b[39m\n          \u001b[36m<a\u001b[39m\n            \u001b[33mclass\u001b[39m=\u001b[32m\"bg-white rounded-lg p-4 shadow-sm hover:shadow-md transition-shadow group\"\u001b[39m\n            \u001b[33mhref\u001b[39m=\u001b[32m\"/club/organogram\"\u001b[39m\n          \u001b[36m>\u001b[39m\n            \u001b[36m<div\u001b[39m\n              \u001b[33mclass\u001b[39m=\u001b[32m\"flex items-center gap-3\"\u001b[39m\n            \u001b[36m>\u001b[39m\n              \u001b[36m<div\u001b[39m\n                \u001b[33mclass\u001b[39m=\u001b[32m\"w-10 h-10 bg-green-main/10 rounded-full flex items-center justify-center text-green-main group-hover:bg-green-main group-hover:text-white transition-colors\"\u001b[39m\n              \u001b[36m>\u001b[39m\n                \u001b[36m<svg\u001b[39m\n                  \u001b[33mclass\u001b[39m=\u001b[32m\"w-5 h-5\"\u001b[39m\n                  \u001b[33mfill\u001b[39m=\u001b[32m\"none\"\u001b[39m\n                  \u001b[33mstroke\u001b[39m=\u001b[32m\"currentColor\"\u001b[39m\n                  \u001b[33mviewBox\u001b[39m=\u001b[32m\"0 0 24 24\"\u001b[39m\n                \u001b[36m>\u001b[39m\n                  \u001b[36m<path\u001b[39m\n                    \u001b[33md\u001b[39m=\u001b[32m\"M17 20h5v-2a3 3 0 00-5.356-1.857M17 20H7m10 0v-2c0-.656-.126-1.283-.356-1.857M7 20H2v-2a3 3 0 015.356-1.857M7 20v-2c0-.656.126-1.283.356-1.857m0 0a5.002 5.002 0 019.288 0M15 7a3 3 0 11-6 0 3 3 0 016 0zm6 3a2 2 0 11-4 0 2 2 0 014 0zM7 10a2 2 0 11-4 0 2 2 0 014 0z\"\u001b[39m\n                    \u001b[33mstroke-linecap\u001b[39m=\u001b[32m\"round\"\u001b[39m\n                    \u001b[33mstroke-linejoin\u001b[39m=\u001b[32m\"round\"\u001b[39m\n                    \u001b[33mstroke-width\u001b[39m=\u001b[32m\"2\"\u001b[39m\n                  \u001b[36m/>\u001b[39m\n                \u001b[36m</svg>\u001b[39m\n              \u001b[36m</div>\u001b[39m\n              \u001b[36m<div>\u001b[39m\n                \u001b[36m<div\u001b[39m\n                  \u001b[33mclass\u001b[39m=\u001b[32m\"font-semibold text-gray-blue group-hover:text-green-main\"\u001b[39m\n                \u001b[36m>\u001b[39m\n                  \u001b[0mOrganogram\u001b[0m\n                \u001b[36m</div>\u001b[39m\n                \u001b[36m<div\u001b[39m\n                  \u001b[33mclass\u001b[39m=\u001b[32m\"text-xs text-gray-medium\"\u001b[39m\n                \u001b[36m>\u001b[39m\n                  \u001b[0mAlle bestuursleden\u001b[0m\n                \u001b[36m</div>\u001b[39m\n              \u001b[36m</div>\u001b[39m\n            \u001b[36m</div>\u001b[39m\n          \u001b[36m</a>\u001b[39m\n          \u001b[36m<a\u001b[39m\n            \u001b[33mclass\u001b[39m=\u001b[32m\"bg-white rounded-lg p-4 shadow-sm hover:shadow-md transition-shadow group\"\u001b[39m\n            \u001b[33mhref\u001b[39m=\u001b[32m\"/club/contact\"\u001b[39m\n          \u001b[36m>\u001b[39m\n            \u001b[36m<div\u001b[39m\n              \u001b[33mclass\u001b[39m=\u001b[32m\"flex items-center gap-3\"\u001b[39m\n            \u001b[36m>\u001b[39m\n              \u001b[36m<div\u001b[39m\n                \u001b[33mclass\u001b[39m=\u001b[32m\"w-10 h-10 bg-green-main/10 rounded-full flex items-center justify-center text-green-main group-hover:bg-green-main group-hover:text-white transition-colors\"\u001b[39m\n              \u001b[36m>\u001b[39m\n                \u001b[36m<svg\u001b[39m\n                  \u001b[33mclass\u001b[39m=\u001b[32m\"w-5 h-5\"\u001b[39m\n                  \u001b[33mfill\u001b[39m=\u001b[32m\"none\"\u001b[39m\n                  \u001b[33mstroke\u001b[39m=\u001b[32m\"currentColor\"\u001b[39m\n                  \u001b[33mviewBox\u001b[39m=\u001b[32m\"0 0 24 24\"\u001b[39m\n                \u001b[36m>\u001b[39m\n                  \u001b[36m<path\u001b[39m\n                    \u001b[33md\u001b[39m=\u001b[32m\"M3 8l7.89 5.26a2 2 0 002.22 0L21 8M5 19h14a2 2 0 002-2V7a2 2 0 00-2-2H5a2 2 0 00-2 2v10a2 2 0 002 2z\"\u001b[39m\n                    \u001b[33mstroke-linecap\u001b[39m=\u001b[32m\"round\"\u001b[39m\n                    \u001b[33mstroke-linejoin\u001b[39m=\u001b[32m\"round\"\u001b[39m\n                    \u001b[33mstroke-width\u001b[39m=\u001b[32m\"2\"\u001b[39m\n                  \u001b[36m/>\u001b[39m\n                \u001b[36m</svg>\u001b[39m\n              \u001b[36m</div>\u001b[39m\n              \u001b[36m<div>\u001b[39m\n                \u001b[36m<div\u001b[39m\n                  \u001b[33mclass\u001b[39m=\u001b[32m\"font-semibold text-gray-blue group-hover:text-green-main\"\u001b[39m\n                \u001b[36m>\u001b[39m\n                  \u001b[0mContact\u001b[0m\n                \u001b[36m</div>\u001b[39m\n                \u001b[36m<div\u001b[39m\n                  \u001b[33mclass\u001b[39m=\u001b[32m\"text-xs text-gray-medium\"\u001b[39m\n                \u001b[36m>\u001b[39m\n                  \u001b[0mAlgemene info\u001b[0m\n                \u001b[36m</div>\u001b[39m\n              \u001b[36m</div>\u001b[39m\n            \u001b[36m</div>\u001b[39m\n          \u001b[36m</a>\u001b[39m\n          \u001b[36m<a\u001b[39m\n            \u001b[33mclass\u001b[39m=\u001b[32m\"bg-white rounded-lg p-4 shadow-sm hover:shadow-md transition-shadow group\"\u001b[39m\n            \u001b[33mhref\u001b[39m=\u001b[32m\"/club/register\"\u001b[39m\n          \u001b[36m>\u001b[39m\n            \u001b[36m<div\u001b[39m\n              \u001b[33mclass\u001b[39m=\u001b[32m\"flex items-center gap-3\"\u001b[39m\n            \u001b[36m>\u001b[39m\n              \u001b[36m<div\u001b[39m\n                \u001b[33mclass\u001b[39m=\u001b[32m\"w-10 h-10 bg-green-main/10 rounded-full flex items-center justify-center text-green-main group-hover:bg-green-main group-hover:text-white transition-colors\"\u001b[39m\n              \u001b[36m>\u001b[39m\n                \u001b[36m<svg\u001b[39m\n                  \u001b[33mclass\u001b[39m=\u001b[32m\"w-5 h-5\"\u001b[39m\n                  \u001b[33mfill\u001b[39m=\u001b[32m\"none\"\u001b[39m\n                  \u001b[33mstroke\u001b[39m=\u001b[32m\"currentColor\"\u001b[39m\n                  \u001b[33mviewBox\u001b[39m=\u001b[32m\"0 0 24 24\"\u001b[39m\n                \u001b[36m>\u001b[39m\n                  \u001b[36m<path\u001b[39m\n                    \u001b[33md\u001b[39m=\u001b[32m\"M18 9v3m0 0v3m0-3h3m-3 0h-3m-2-5a4 4 0 11-8 0 4 4 0 018 0zM3 20a6 6 0 0112 0v1H3v-1z\"\u001b[39m\n                    \u001b[33mstroke-linecap\u001b[39m=\u001b[32m\"round\"\u001b[39m\n                    \u001b[33mstroke-linejoin\u001b[39m=\u001b[32m\"round\"\u001b[39m\n                    \u001b[33mstroke-width\u001b[39m=\u001b[32m\"2\"\u001b[39m\n                  \u001b[36m/>\u001b[39m\n                \u001b[36m</svg>\u001b[39m\n              \u001b[36m</div>\u001b[39m\n              \u001b[36m<div>\u001b[39m\n                \u001b[36m<div\u001b[39m\n                  \u001b[33mclass\u001b[39m=\u001b[32m\"font-semibold text-gray-blue group-hover:text-green-main\"\u001b[39m\n                \u001b[36m>\u001b[39m\n                  \u001b[0mInschrijven\u001b[0m\n                \u001b[36m</div>\u001b[39m\n                \u001b[36m<div\u001b[39m\n                  \u001b[33mclass\u001b[39m=\u001b[32m\"text-xs text-gray-medium\"\u001b[39m\n                \u001b[36m>\u001b[39m\n                  \u001b[0mWord lid\u001b[0m\n                \u001b[36m</div>\u001b[39m\n              \u001b[36m</div>\u001b[39m\n            \u001b[36m</div>\u001b[39m\n          \u001b[36m</a>\u001b[39m\n        \u001b[36m</div>\u001b[39m\n      \u001b[36m</div>\u001b[39m\n    \u001b[36m</section>\u001b[39m\n  \u001b[36m</div>\u001b[39m\n\u001b[36m</body>\u001b[39m\n    at Object.getElementError (/Users/kevinvanransbeeck/Sites/KCVV/kcvv-nextjs/node_modules/@testing-library/dom/dist/config.js:37:19)\n    at getElementError (/Users/kevinvanransbeeck/Sites/KCVV/kcvv-nextjs/node_modules/@testing-library/dom/dist/query-helpers.js:20:35)\n    at getMultipleElementsFoundError (/Users/kevinvanransbeeck/Sites/KCVV/kcvv-nextjs/node_modules/@testing-library/dom/dist/query-helpers.js:23:10)\n    at /Users/kevinvanransbeeck/Sites/KCVV/kcvv-nextjs/node_modules/@testing-library/dom/dist/query-helpers.js:55:13\n    at /Users/kevinvanransbeeck/Sites/KCVV/kcvv-nextjs/node_modules/@testing-library/dom/dist/query-helpers.js:95:19\n    at /Users/kevinvanransbeeck/Sites/KCVV/kcvv-nextjs/src/components/responsibility/ResponsibilityBlock.test.tsx:37:21\n    at file:///Users/kevinvanransbeeck/Sites/KCVV/kcvv-nextjs/node_modules/@vitest/runner/dist/index.js:157:11\n    at file:///Users/kevinvanransbeeck/Sites/KCVV/kcvv-nextjs/node_modules/@vitest/runner/dist/index.js:753:26\n    at file:///Users/kevinvanransbeeck/Sites/KCVV/kcvv-nextjs/node_modules/@vitest/runner/dist/index.js:1636:20\n    at new Promise (<anonymous>)"],"meta":{}},{"ancestorTitles":["ResponsibilityBlock","Quick Links"],"fullName":"ResponsibilityBlock Quick Links organogram link points to correct URL","status":"passed","title":"organogram link points to correct URL","duration":4.550458000000049,"failureMessages":[],"meta":{}},{"ancestorTitles":["ResponsibilityBlock","Quick Links"],"fullName":"ResponsibilityBlock Quick Links contact link points to correct URL","status":"failed","title":"contact link points to correct URL","duration":4.126874999999927,"failureMessages":["TestingLibraryElementError: Found multiple elements with the text: /Contact/i\n\nHere are the matching elements:\n\nIgnored nodes: comments, script, style\n\u001b[36m<p\u001b[39m\n  \u001b[33mclass\u001b[39m=\u001b[32m\"text-lg md:text-xl text-gray-dark max-w-2xl mx-auto\"\u001b[39m\n\u001b[36m>\u001b[39m\n  \u001b[0mVind snel de juiste contactpersoon voor jouw vraag\u001b[0m\n\u001b[36m</p>\u001b[39m\n\nIgnored nodes: comments, script, style\n\u001b[36m<div\u001b[39m\n  \u001b[33mclass\u001b[39m=\u001b[32m\"font-semibold text-gray-blue group-hover:text-green-main\"\u001b[39m\n\u001b[36m>\u001b[39m\n  \u001b[0mContact\u001b[0m\n\u001b[36m</div>\u001b[39m\n\n(If this is intentional, then use the `*AllBy*` variant of the query (like `queryAllByText`, `getAllByText`, or `findAllByText`)).\n\nIgnored nodes: comments, script, style\n\u001b[36m<body>\u001b[39m\n  \u001b[36m<div>\u001b[39m\n    \u001b[36m<section\u001b[39m\n      \u001b[33mclass\u001b[39m=\u001b[32m\"bg-gradient-to-br from-green-main/5 to-green-hover/5 py-16 px-4\"\u001b[39m\n    \u001b[36m>\u001b[39m\n      \u001b[36m<div\u001b[39m\n        \u001b[33mclass\u001b[39m=\u001b[32m\"max-w-5xl mx-auto\"\u001b[39m\n      \u001b[36m>\u001b[39m\n        \u001b[36m<div\u001b[39m\n          \u001b[33mclass\u001b[39m=\u001b[32m\"text-center mb-12\"\u001b[39m\n        \u001b[36m>\u001b[39m\n          \u001b[36m<h2\u001b[39m\n            \u001b[33mclass\u001b[39m=\u001b[32m\"text-3xl md:text-5xl font-bold text-gray-blue mb-4\"\u001b[39m\n            \u001b[33mstyle\u001b[39m=\u001b[32m\"font-family: quasimoda, acumin-pro, Montserrat, sans-serif;\"\u001b[39m\n          \u001b[36m>\u001b[39m\n            \u001b[0mHoe kunnen we je helpen?\u001b[0m\n          \u001b[36m</h2>\u001b[39m\n          \u001b[36m<p\u001b[39m\n            \u001b[33mclass\u001b[39m=\u001b[32m\"text-lg md:text-xl text-gray-dark max-w-2xl mx-auto\"\u001b[39m\n          \u001b[36m>\u001b[39m\n            \u001b[0mVind snel de juiste contactpersoon voor jouw vraag\u001b[0m\n          \u001b[36m</p>\u001b[39m\n        \u001b[36m</div>\u001b[39m\n        \u001b[36m<div\u001b[39m\n          \u001b[33mclass\u001b[39m=\u001b[32m\"bg-white rounded-2xl shadow-xl p-6 md:p-10\"\u001b[39m\n        \u001b[36m>\u001b[39m\n          \u001b[36m<div\u001b[39m\n            \u001b[33mclass\u001b[39m=\u001b[32m\"responsibility-finder compact\"\u001b[39m\n          \u001b[36m>\u001b[39m\n            \u001b[36m<div\u001b[39m\n              \u001b[33mclass\u001b[39m=\u001b[32m\"question-builder space-y-6\"\u001b[39m\n            \u001b[36m>\u001b[39m\n              \u001b[36m<div\u001b[39m\n                \u001b[33mclass\u001b[39m=\u001b[32m\"role-selector\"\u001b[39m\n              \u001b[36m>\u001b[39m\n                \u001b[36m<h2\u001b[39m\n                  \u001b[33mclass\u001b[39m=\u001b[32m\"text-2xl md:text-4xl font-bold text-gray-blue mb-4\"\u001b[39m\n                  \u001b[33mstyle\u001b[39m=\u001b[32m\"font-family: quasimoda, acumin-pro, Montserrat, sans-serif;\"\u001b[39m\n                \u001b[36m>\u001b[39m\n                  \u001b[0mIK BEN\u001b[0m\n                \u001b[36m</h2>\u001b[39m\n                \u001b[36m<div\u001b[39m\n                  \u001b[33mclass\u001b[39m=\u001b[32m\"flex flex-wrap gap-3\"\u001b[39m\n                \u001b[36m>\u001b[39m\n                  \u001b[36m<button\u001b[39m\n                    \u001b[33mclass\u001b[39m=\u001b[32m\"\n                  px-6 py-3 rounded-lg font-bold text-lg transition-all\n                  bg-white text-gray-dark border-2 border-gray-light hover:border-green-main hover:text-green-main\n                \"\u001b[39m\n                    \u001b[33mstyle\u001b[39m=\u001b[32m\"font-family: Montserrat, sans-serif;\"\u001b[39m\n                  \u001b[36m>\u001b[39m\n                    \u001b[0mSPELER\u001b[0m\n                  \u001b[36m</button>\u001b[39m\n                  \u001b[36m<button\u001b[39m\n                    \u001b[33mclass\u001b[39m=\u001b[32m\"\n                  px-6 py-3 rounded-lg font-bold text-lg transition-all\n                  bg-white text-gray-dark border-2 border-gray-light hover:border-green-main hover:text-green-main\n                \"\u001b[39m\n                    \u001b[33mstyle\u001b[39m=\u001b[32m\"font-family: Montserrat, sans-serif;\"\u001b[39m\n                  \u001b[36m>\u001b[39m\n                    \u001b[0mOUDER\u001b[0m\n                  \u001b[36m</button>\u001b[39m\n                  \u001b[36m<button\u001b[39m\n                    \u001b[33mclass\u001b[39m=\u001b[32m\"\n                  px-6 py-3 rounded-lg font-bold text-lg transition-all\n                  bg-white text-gray-dark border-2 border-gray-light hover:border-green-main hover:text-green-main\n                \"\u001b[39m\n                    \u001b[33mstyle\u001b[39m=\u001b[32m\"font-family: Montserrat, sans-serif;\"\u001b[39m\n                  \u001b[36m>\u001b[39m\n                    \u001b[0mTRAINER\u001b[0m\n                  \u001b[36m</button>\u001b[39m\n                  \u001b[36m<button\u001b[39m\n                    \u001b[33mclass\u001b[39m=\u001b[32m\"\n                  px-6 py-3 rounded-lg font-bold text-lg transition-all\n                  bg-white text-gray-dark border-2 border-gray-light hover:border-green-main hover:text-green-main\n                \"\u001b[39m\n                    \u001b[33mstyle\u001b[39m=\u001b[32m\"font-family: Montserrat, sans-serif;\"\u001b[39m\n                  \u001b[36m>\u001b[39m\n                    \u001b[0mSUPPORTER\u001b[0m\n                  \u001b[36m</button>\u001b[39m\n                  \u001b[36m<button\u001b[39m\n                    \u001b[33mclass\u001b[39m=\u001b[32m\"\n                  px-6 py-3 rounded-lg font-bold text-lg transition-all\n                  bg-white text-gray-dark border-2 border-gray-light hover:border-green-main hover:text-green-main\n                \"\u001b[39m\n                    \u001b[33mstyle\u001b[39m=\u001b[32m\"font-family: Montserrat, sans-serif;\"\u001b[39m\n                  \u001b[36m>\u001b[39m\n                    \u001b[0mNIET-LID\u001b[0m\n                  \u001b[36m</button>\u001b[39m\n                  \u001b[36m<button\u001b[39m\n                    \u001b[33mclass\u001b[39m=\u001b[32m\"\n                  px-6 py-3 rounded-lg font-bold text-lg transition-all\n                  bg-white text-gray-dark border-2 border-gray-light hover:border-green-main hover:text-green-main\n                \"\u001b[39m\n                    \u001b[33mstyle\u001b[39m=\u001b[32m\"font-family: Montserrat, sans-serif;\"\u001b[39m\n                  \u001b[36m>\u001b[39m\n                    \u001b[0mANDERE\u001b[0m\n                  \u001b[36m</button>\u001b[39m\n                \u001b[36m</div>\u001b[39m\n              \u001b[36m</div>\u001b[39m\n            \u001b[36m</div>\u001b[39m\n          \u001b[36m</div>\u001b[39m\n          \u001b[36m<div\u001b[39m\n            \u001b[33mclass\u001b[39m=\u001b[32m\"mt-8 text-center\"\u001b[39m\n          \u001b[36m>\u001b[39m\n            \u001b[36m<a\u001b[39m\n              \u001b[33mclass\u001b[39m=\u001b[32m\"inline-flex items-center gap-2 text-green-main hover:text-green-hover font-semibold transition-colors\"\u001b[39m\n              \u001b[33mhref\u001b[39m=\u001b[32m\"/hulp\"\u001b[39m\n            \u001b[36m>\u001b[39m\n              \u001b[0mBekijk alle veelgestelde vragen\u001b[0m\n              \u001b[36m<svg\u001b[39m\n                \u001b[33mclass\u001b[39m=\u001b[32m\"w-4 h-4\"\u001b[39m\n                \u001b[33mfill\u001b[39m=\u001b[32m\"none\"\u001b[39m\n                \u001b[33mstroke\u001b[39m=\u001b[32m\"currentColor\"\u001b[39m\n                \u001b[33mviewBox\u001b[39m=\u001b[32m\"0 0 24 24\"\u001b[39m\n              \u001b[36m>\u001b[39m\n                \u001b[36m<path\u001b[39m\n                  \u001b[33md\u001b[39m=\u001b[32m\"M9 5l7 7-7 7\"\u001b[39m\n                  \u001b[33mstroke-linecap\u001b[39m=\u001b[32m\"round\"\u001b[39m\n                  \u001b[33mstroke-linejoin\u001b[39m=\u001b[32m\"round\"\u001b[39m\n                  \u001b[33mstroke-width\u001b[39m=\u001b[32m\"2\"\u001b[39m\n                \u001b[36m/>\u001b[39m\n              \u001b[36m</svg>\u001b[39m\n            \u001b[36m</a>\u001b[39m\n          \u001b[36m</div>\u001b[39m\n        \u001b[36m</div>\u001b[39m\n        \u001b[36m<div\u001b[39m\n          \u001b[33mclass\u001b[39m=\u001b[32m\"mt-8 grid grid-cols-1 md:grid-cols-3 gap-4\"\u001b[39m\n        \u001b[36m>\u001b[39m\n          \u001b[36m<a\u001b[39m\n            \u001b[33mclass\u001b[39m=\u001b[32m\"bg-white rounded-lg p-4 shadow-sm hover:shadow-md transition-shadow group\"\u001b[39m\n            \u001b[33mhref\u001b[39m=\u001b[32m\"/club/organogram\"\u001b[39m\n          \u001b[36m>\u001b[39m\n            \u001b[36m<div\u001b[39m\n              \u001b[33mclass\u001b[39m=\u001b[32m\"flex items-center gap-3\"\u001b[39m\n            \u001b[36m>\u001b[39m\n              \u001b[36m<div\u001b[39m\n                \u001b[33mclass\u001b[39m=\u001b[32m\"w-10 h-10 bg-green-main/10 rounded-full flex items-center justify-center text-green-main group-hover:bg-green-main group-hover:text-white transition-colors\"\u001b[39m\n              \u001b[36m>\u001b[39m\n                \u001b[36m<svg\u001b[39m\n                  \u001b[33mclass\u001b[39m=\u001b[32m\"w-5 h-5\"\u001b[39m\n                  \u001b[33mfill\u001b[39m=\u001b[32m\"none\"\u001b[39m\n                  \u001b[33mstroke\u001b[39m=\u001b[32m\"currentColor\"\u001b[39m\n                  \u001b[33mviewBox\u001b[39m=\u001b[32m\"0 0 24 24\"\u001b[39m\n                \u001b[36m>\u001b[39m\n                  \u001b[36m<path\u001b[39m\n                    \u001b[33md\u001b[39m=\u001b[32m\"M17 20h5v-2a3 3 0 00-5.356-1.857M17 20H7m10 0v-2c0-.656-.126-1.283-.356-1.857M7 20H2v-2a3 3 0 015.356-1.857M7 20v-2c0-.656.126-1.283.356-1.857m0 0a5.002 5.002 0 019.288 0M15 7a3 3 0 11-6 0 3 3 0 016 0zm6 3a2 2 0 11-4 0 2 2 0 014 0zM7 10a2 2 0 11-4 0 2 2 0 014 0z\"\u001b[39m\n                    \u001b[33mstroke-linecap\u001b[39m=\u001b[32m\"round\"\u001b[39m\n                    \u001b[33mstroke-linejoin\u001b[39m=\u001b[32m\"round\"\u001b[39m\n                    \u001b[33mstroke-width\u001b[39m=\u001b[32m\"2\"\u001b[39m\n                  \u001b[36m/>\u001b[39m\n                \u001b[36m</svg>\u001b[39m\n              \u001b[36m</div>\u001b[39m\n              \u001b[36m<div>\u001b[39m\n                \u001b[36m<div\u001b[39m\n                  \u001b[33mclass\u001b[39m=\u001b[32m\"font-semibold text-gray-blue group-hover:text-green-main\"\u001b[39m\n                \u001b[36m>\u001b[39m\n                  \u001b[0mOrganogram\u001b[0m\n                \u001b[36m</div>\u001b[39m\n                \u001b[36m<div\u001b[39m\n                  \u001b[33mclass\u001b[39m=\u001b[32m\"text-xs text-gray-medium\"\u001b[39m\n                \u001b[36m>\u001b[39m\n                  \u001b[0mAlle bestuursleden\u001b[0m\n                \u001b[36m</div>\u001b[39m\n              \u001b[36m</div>\u001b[39m\n            \u001b[36m</div>\u001b[39m\n          \u001b[36m</a>\u001b[39m\n          \u001b[36m<a\u001b[39m\n            \u001b[33mclass\u001b[39m=\u001b[32m\"bg-white rounded-lg p-4 shadow-sm hover:shadow-md transition-shadow group\"\u001b[39m\n            \u001b[33mhref\u001b[39m=\u001b[32m\"/club/contact\"\u001b[39m\n          \u001b[36m>\u001b[39m\n            \u001b[36m<div\u001b[39m\n              \u001b[33mclass\u001b[39m=\u001b[32m\"flex items-center gap-3\"\u001b[39m\n            \u001b[36m>\u001b[39m\n              \u001b[36m<div\u001b[39m\n                \u001b[33mclass\u001b[39m=\u001b[32m\"w-10 h-10 bg-green-main/10 rounded-full flex items-center justify-center text-green-main group-hover:bg-green-main group-hover:text-white transition-colors\"\u001b[39m\n              \u001b[36m>\u001b[39m\n                \u001b[36m<svg\u001b[39m\n                  \u001b[33mclass\u001b[39m=\u001b[32m\"w-5 h-5\"\u001b[39m\n                  \u001b[33mfill\u001b[39m=\u001b[32m\"none\"\u001b[39m\n                  \u001b[33mstroke\u001b[39m=\u001b[32m\"currentColor\"\u001b[39m\n                  \u001b[33mviewBox\u001b[39m=\u001b[32m\"0 0 24 24\"\u001b[39m\n                \u001b[36m>\u001b[39m\n                  \u001b[36m<path\u001b[39m\n                    \u001b[33md\u001b[39m=\u001b[32m\"M3 8l7.89 5.26a2 2 0 002.22 0L21 8M5 19h14a2 2 0 002-2V7a2 2 0 00-2-2H5a2 2 0 00-2 2v10a2 2 0 002 2z\"\u001b[39m\n                    \u001b[33mstroke-linecap\u001b[39m=\u001b[32m\"round\"\u001b[39m\n                    \u001b[33mstroke-linejoin\u001b[39m=\u001b[32m\"round\"\u001b[39m\n                    \u001b[33mstroke-width\u001b[39m=\u001b[32m\"2\"\u001b[39m\n                  \u001b[36m/>\u001b[39m\n                \u001b[36m</svg>\u001b[39m\n              \u001b[36m</div>\u001b[39m\n              \u001b[36m<div>\u001b[39m\n                \u001b[36m<div\u001b[39m\n                  \u001b[33mclass\u001b[39m=\u001b[32m\"font-semibold text-gray-blue group-hover:text-green-main\"\u001b[39m\n                \u001b[36m>\u001b[39m\n                  \u001b[0mContact\u001b[0m\n                \u001b[36m</div>\u001b[39m\n                \u001b[36m<div\u001b[39m\n                  \u001b[33mclass\u001b[39m=\u001b[32m\"text-xs text-gray-medium\"\u001b[39m\n                \u001b[36m>\u001b[39m\n                  \u001b[0mAlgemene info\u001b[0m\n                \u001b[36m</div>\u001b[39m\n              \u001b[36m</div>\u001b[39m\n            \u001b[36m</div>\u001b[39m\n          \u001b[36m</a>\u001b[39m\n          \u001b[36m<a\u001b[39m\n            \u001b[33mclass\u001b[39m=\u001b[32m\"bg-white rounded-lg p-4 shadow-sm hover:shadow-md transition-shadow group\"\u001b[39m\n            \u001b[33mhref\u001b[39m=\u001b[32m\"/club/register\"\u001b[39m\n          \u001b[36m>\u001b[39m\n            \u001b[36m<div\u001b[39m\n              \u001b[33mclass\u001b[39m=\u001b[32m\"flex items-center gap-3\"\u001b[39m\n            \u001b[36m>\u001b[39m\n              \u001b[36m<div\u001b[39m\n                \u001b[33mclass\u001b[39m=\u001b[32m\"w-10 h-10 bg-green-main/10 rounded-full flex items-center justify-center text-green-main group-hover:bg-green-main group-hover:text-white transition-colors\"\u001b[39m\n              \u001b[36m>\u001b[39m\n                \u001b[36m<svg\u001b[39m\n                  \u001b[33mclass\u001b[39m=\u001b[32m\"w-5 h-5\"\u001b[39m\n                  \u001b[33mfill\u001b[39m=\u001b[32m\"none\"\u001b[39m\n                  \u001b[33mstroke\u001b[39m=\u001b[32m\"currentColor\"\u001b[39m\n                  \u001b[33mviewBox\u001b[39m=\u001b[32m\"0 0 24 24\"\u001b[39m\n                \u001b[36m>\u001b[39m\n                  \u001b[36m<path\u001b[39m\n                    \u001b[33md\u001b[39m=\u001b[32m\"M18 9v3m0 0v3m0-3h3m-3 0h-3m-2-5a4 4 0 11-8 0 4 4 0 018 0zM3 20a6 6 0 0112 0v1H3v-1z\"\u001b[39m\n                    \u001b[33mstroke-linecap\u001b[39m=\u001b[32m\"round\"\u001b[39m\n                    \u001b[33mstroke-linejoin\u001b[39m=\u001b[32m\"round\"\u001b[39m\n                    \u001b[33mstroke-width\u001b[39m=\u001b[32m\"2\"\u001b[39m\n                  \u001b[36m/>\u001b[39m\n                \u001b[36m</svg>\u001b[39m\n              \u001b[36m</div>\u001b[39m\n              \u001b[36m<div>\u001b[39m\n                \u001b[36m<div\u001b[39m\n                  \u001b[33mclass\u001b[39m=\u001b[32m\"font-semibold text-gray-blue group-hover:text-green-main\"\u001b[39m\n                \u001b[36m>\u001b[39m\n                  \u001b[0mInschrijven\u001b[0m\n                \u001b[36m</div>\u001b[39m\n                \u001b[36m<div\u001b[39m\n                  \u001b[33mclass\u001b[39m=\u001b[32m\"text-xs text-gray-medium\"\u001b[39m\n                \u001b[36m>\u001b[39m\n                  \u001b[0mWord lid\u001b[0m\n                \u001b[36m</div>\u001b[39m\n              \u001b[36m</div>\u001b[39m\n            \u001b[36m</div>\u001b[39m\n          \u001b[36m</a>\u001b[39m\n        \u001b[36m</div>\u001b[39m\n      \u001b[36m</div>\u001b[39m\n    \u001b[36m</section>\u001b[39m\n  \u001b[36m</div>\u001b[39m\n\u001b[36m</body>\u001b[39m\n    at Object.getElementError (/Users/kevinvanransbeeck/Sites/KCVV/kcvv-nextjs/node_modules/@testing-library/dom/dist/config.js:37:19)\n    at getElementError (/Users/kevinvanransbeeck/Sites/KCVV/kcvv-nextjs/node_modules/@testing-library/dom/dist/query-helpers.js:20:35)\n    at getMultipleElementsFoundError (/Users/kevinvanransbeeck/Sites/KCVV/kcvv-nextjs/node_modules/@testing-library/dom/dist/query-helpers.js:23:10)\n    at /Users/kevinvanransbeeck/Sites/KCVV/kcvv-nextjs/node_modules/@testing-library/dom/dist/query-helpers.js:55:13\n    at /Users/kevinvanransbeeck/Sites/KCVV/kcvv-nextjs/node_modules/@testing-library/dom/dist/query-helpers.js:95:19\n    at /Users/kevinvanransbeeck/Sites/KCVV/kcvv-nextjs/src/components/responsibility/ResponsibilityBlock.test.tsx:51:34\n    at file:///Users/kevinvanransbeeck/Sites/KCVV/kcvv-nextjs/node_modules/@vitest/runner/dist/index.js:157:11\n    at file:///Users/kevinvanransbeeck/Sites/KCVV/kcvv-nextjs/node_modules/@vitest/runner/dist/index.js:753:26\n    at file:///Users/kevinvanransbeeck/Sites/KCVV/kcvv-nextjs/node_modules/@vitest/runner/dist/index.js:1636:20\n    at new Promise (<anonymous>)"],"meta":{}},{"ancestorTitles":["ResponsibilityBlock","Quick Links"],"fullName":"ResponsibilityBlock Quick Links register link points to correct URL","status":"passed","title":"register link points to correct URL","duration":6.208250000000021,"failureMessages":[],"meta":{}},{"ancestorTitles":["ResponsibilityBlock","Quick Links"],"fullName":"ResponsibilityBlock Quick Links quick links have proper icons","status":"passed","title":"quick links have proper icons","duration":4.265250000000037,"failureMessages":[],"meta":{}},{"ancestorTitles":["ResponsibilityBlock","Link to Full Page"],"fullName":"ResponsibilityBlock Link to Full Page renders link to /hulp page","status":"passed","title":"renders link to /hulp page","duration":2.8062080000000833,"failureMessages":[],"meta":{}},{"ancestorTitles":["ResponsibilityBlock","Link to Full Page"],"fullName":"ResponsibilityBlock Link to Full Page link points to /hulp","status":"passed","title":"link points to /hulp","duration":2.696916999999985,"failureMessages":[],"meta":{}},{"ancestorTitles":["ResponsibilityBlock","Interactive Elements"],"fullName":"ResponsibilityBlock Interactive Elements can interact with role buttons","status":"passed","title":"can interact with role buttons","duration":36.17916600000001,"failureMessages":[],"meta":{}},{"ancestorTitles":["ResponsibilityBlock","Interactive Elements"],"fullName":"ResponsibilityBlock Interactive Elements shows question input after role selection","status":"passed","title":"shows question input after role selection","duration":13.934207999999899,"failureMessages":[],"meta":{}},{"ancestorTitles":["ResponsibilityBlock","Accessibility"],"fullName":"ResponsibilityBlock Accessibility has proper heading hierarchy","status":"passed","title":"has proper heading hierarchy","duration":3.5835420000000795,"failureMessages":[],"meta":{}},{"ancestorTitles":["ResponsibilityBlock","Accessibility"],"fullName":"ResponsibilityBlock Accessibility all links are keyboard accessible","status":"passed","title":"all links are keyboard accessible","duration":3.8489579999998114,"failureMessages":[],"meta":{}},{"ancestorTitles":["ResponsibilityBlock","Accessibility"],"fullName":"ResponsibilityBlock Accessibility quick link cards have descriptive text","status":"passed","title":"quick link cards have descriptive text","duration":2.9205830000000788,"failureMessages":[],"meta":{}},{"ancestorTitles":["ResponsibilityBlock","Responsive Design"],"fullName":"ResponsibilityBlock Responsive Design has responsive grid classes","status":"passed","title":"has responsive grid classes","duration":2.2104589999999007,"failureMessages":[],"meta":{}},{"ancestorTitles":["ResponsibilityBlock","Responsive Design"],"fullName":"ResponsibilityBlock Responsive Design has responsive padding","status":"passed","title":"has responsive padding","duration":5.1691249999998945,"failureMessages":[],"meta":{}},{"ancestorTitles":["ResponsibilityBlock","Visual Styling"],"fullName":"ResponsibilityBlock Visual Styling has KCVV branding colors","status":"passed","title":"has KCVV branding colors","duration":4.492624999999862,"failureMessages":[],"meta":{}},{"ancestorTitles":["ResponsibilityBlock","Visual Styling"],"fullName":"ResponsibilityBlock Visual Styling quick links have hover effects","status":"passed","title":"quick links have hover effects","duration":2.2577499999999873,"failureMessages":[],"meta":{}},{"ancestorTitles":["ResponsibilityBlock","Visual Styling"],"fullName":"ResponsibilityBlock Visual Styling has rounded corners","status":"passed","title":"has rounded corners","duration":1.8716249999999945,"failureMessages":[],"meta":{}},{"ancestorTitles":["ResponsibilityBlock","Visual Styling"],"fullName":"ResponsibilityBlock Visual Styling has shadow on main card","status":"passed","title":"has shadow on main card","duration":1.9220829999999296,"failureMessages":[],"meta":{}}],"startTime":1763811025242,"endTime":1763811025388.922,"status":"failed","message":"","name":"/Users/kevinvanransbeeck/Sites/KCVV/kcvv-nextjs/src/components/responsibility/ResponsibilityBlock.test.tsx"},{"assertionResults":[{"ancestorTitles":["ResponsibilityFinder","Rendering"],"fullName":"ResponsibilityFinder Rendering renders the component","status":"passed","title":"renders the component","duration":20.787750000000074,"failureMessages":[],"meta":{}},{"ancestorTitles":["ResponsibilityFinder","Rendering"],"fullName":"ResponsibilityFinder Rendering renders all role buttons","status":"passed","title":"renders all role buttons","duration":9.042124999999942,"failureMessages":[],"meta":{}},{"ancestorTitles":["ResponsibilityFinder","Rendering"],"fullName":"ResponsibilityFinder Rendering does not show question input initially","status":"passed","title":"does not show question input initially","duration":2.4209170000000313,"failureMessages":[],"meta":{}},{"ancestorTitles":["ResponsibilityFinder","Rendering"],"fullName":"ResponsibilityFinder Rendering renders in compact mode when prop is true","status":"passed","title":"renders in compact mode when prop is true","duration":1.9978750000000218,"failureMessages":[],"meta":{}},{"ancestorTitles":["ResponsibilityFinder","Role Selection"],"fullName":"ResponsibilityFinder Role Selection shows question input after selecting a role","status":"passed","title":"shows question input after selecting a role","duration":24.020125000000007,"failureMessages":[],"meta":{}},{"ancestorTitles":["ResponsibilityFinder","Role Selection"],"fullName":"ResponsibilityFinder Role Selection highlights selected role button","status":"passed","title":"highlights selected role button","duration":13.704416000000037,"failureMessages":[],"meta":{}},{"ancestorTitles":["ResponsibilityFinder","Role Selection"],"fullName":"ResponsibilityFinder Role Selection can change selected role","status":"passed","title":"can change selected role","duration":23.924000000000092,"failureMessages":[],"meta":{}},{"ancestorTitles":["ResponsibilityFinder","Role Selection"],"fullName":"ResponsibilityFinder Role Selection focuses input after role selection","status":"passed","title":"focuses input after role selection","duration":143.03266600000006,"failureMessages":[],"meta":{}},{"ancestorTitles":["ResponsibilityFinder","Search Functionality"],"fullName":"ResponsibilityFinder Search Functionality shows suggestions when typing","status":"failed","title":"shows suggestions when typing","duration":1073.975625,"failureMessages":["Error: Found multiple elements with the text: /ongeval/i\n\nHere are the matching elements:\n\nIgnored nodes: comments, script, style\n\u001b[36m<div\u001b[39m\n  \u001b[33mclass\u001b[39m=\u001b[32m\"text-lg font-semibold text-gray-blue group-hover:text-green-main\"\u001b[39m\n\u001b[36m>\u001b[39m\n  \u001b[0mheb een ongeval op training/wedstrijd\u001b[0m\n\u001b[36m</div>\u001b[39m\n\nIgnored nodes: comments, script, style\n\u001b[36m<div\u001b[39m\n  \u001b[33mclass\u001b[39m=\u001b[32m\"text-sm text-gray-medium mt-1\"\u001b[39m\n\u001b[36m>\u001b[39m\n  \u001b[0mMeld het ongeval onmiddellijk bij je trainer en neem contact op met de verzekeringverantwoordelijke.\u001b[0m\n\u001b[36m</div>\u001b[39m\n\nIgnored nodes: comments, script, style\n\u001b[36m<div\u001b[39m\n  \u001b[33mclass\u001b[39m=\u001b[32m\"text-lg font-semibold text-gray-blue group-hover:text-green-main\"\u001b[39m\n\u001b[36m>\u001b[39m\n  \u001b[0mben hersteld van mijn ongeval/blessure\u001b[0m\n\u001b[36m</div>\u001b[39m\n\n(If this is intentional, then use the `*AllBy*` variant of the query (like `queryAllByText`, `getAllByText`, or `findAllByText`)).\n\nIgnored nodes: comments, script, style\n\u001b[36m<body>\u001b[39m\n  \u001b[36m<div>\u001b[39m\n    \u001b[36m<div\u001b[39m\n      \u001b[33mclass\u001b[39m=\u001b[32m\"responsibility-finder \"\u001b[39m\n    \u001b[36m>\u001b[39m\n      \u001b[36m<div\u001b[39m\n        \u001b[33mclass\u001b[39m=\u001b[32m\"question-builder space-y-6\"\u001b[39m\n      \u001b[36m>\u001b[39m\n        \u001b[36m<div\u001b[39m\n          \u001b[33mclass\u001b[39m=\u001b[32m\"role-selector\"\u001b[39m\n        \u001b[36m>\u001b[39m\n          \u001b[36m<h2\u001b[39m\n            \u001b[33mclass\u001b[39m=\u001b[32m\"text-4xl md:text-6xl font-bold text-gray-blue mb-4\"\u001b[39m\n            \u001b[33mstyle\u001b[39m=\u001b[32m\"font-family: quasimoda, acumin-pro, Montserrat, sans-serif;\"\u001b[39m\n          \u001b[36m>\u001b[39m\n            \u001b[0mIK BEN\u001b[0m\n          \u001b[36m</h2>\u001b[39m\n          \u001b[36m<div\u001b[39m\n            \u001b[33mclass\u001b[39m=\u001b[32m\"flex flex-wrap gap-3\"\u001b[39m\n          \u001b[36m>\u001b[39m\n            \u001b[36m<button\u001b[39m\n              \u001b[33mclass\u001b[39m=\u001b[32m\"\n                  px-6 py-3 rounded-lg font-bold text-lg transition-all\n                  bg-green-main text-white shadow-lg scale-105\n                \"\u001b[39m\n              \u001b[33mstyle\u001b[39m=\u001b[32m\"font-family: Montserrat, sans-serif;\"\u001b[39m\n            \u001b[36m>\u001b[39m\n              \u001b[0mSPELER\u001b[0m\n            \u001b[36m</button>\u001b[39m\n            \u001b[36m<button\u001b[39m\n              \u001b[33mclass\u001b[39m=\u001b[32m\"\n                  px-6 py-3 rounded-lg font-bold text-lg transition-all\n                  bg-white text-gray-dark border-2 border-gray-light hover:border-green-main hover:text-green-main\n                \"\u001b[39m\n              \u001b[33mstyle\u001b[39m=\u001b[32m\"font-family: Montserrat, sans-serif;\"\u001b[39m\n            \u001b[36m>\u001b[39m\n              \u001b[0mOUDER\u001b[0m\n            \u001b[36m</button>\u001b[39m\n            \u001b[36m<button\u001b[39m\n              \u001b[33mclass\u001b[39m=\u001b[32m\"\n                  px-6 py-3 rounded-lg font-bold text-lg transition-all\n                  bg-white text-gray-dark border-2 border-gray-light hover:border-green-main hover:text-green-main\n                \"\u001b[39m\n              \u001b[33mstyle\u001b[39m=\u001b[32m\"font-family: Montserrat, sans-serif;\"\u001b[39m\n            \u001b[36m>\u001b[39m\n              \u001b[0mTRAINER\u001b[0m\n            \u001b[36m</button>\u001b[39m\n            \u001b[36m<button\u001b[39m\n              \u001b[33mclass\u001b[39m=\u001b[32m\"\n                  px-6 py-3 rounded-lg font-bold text-lg transition-all\n                  bg-white text-gray-dark border-2 border-gray-light hover:border-green-main hover:text-green-main\n                \"\u001b[39m\n              \u001b[33mstyle\u001b[39m=\u001b[32m\"font-family: Montserrat, sans-serif;\"\u001b[39m\n            \u001b[36m>\u001b[39m\n              \u001b[0mSUPPORTER\u001b[0m\n            \u001b[36m</button>\u001b[39m\n            \u001b[36m<button\u001b[39m\n              \u001b[33mclass\u001b[39m=\u001b[32m\"\n                  px-6 py-3 rounded-lg font-bold text-lg transition-all\n                  bg-white text-gray-dark border-2 border-gray-light hover:border-green-main hover:text-green-main\n                \"\u001b[39m\n              \u001b[33mstyle\u001b[39m=\u001b[32m\"font-family: Montserrat, sans-serif;\"\u001b[39m\n            \u001b[36m>\u001b[39m\n              \u001b[0mNIET-LID\u001b[0m\n            \u001b[36m</button>\u001b[39m\n            \u001b[36m<button\u001b[39m\n              \u001b[33mclass\u001b[39m=\u001b[32m\"\n                  px-6 py-3 rounded-lg font-bold text-lg transition-all\n                  bg-white text-gray-dark border-2 border-gray-light hover:border-green-main hover:text-green-main\n                \"\u001b[39m\n              \u001b[33mstyle\u001b[39m=\u001b[32m\"font-family: Montserrat, sans-serif;\"\u001b[39m\n            \u001b[36m>\u001b[39m\n              \u001b[0mANDERE\u001b[0m\n            \u001b[36m</button>\u001b[39m\n          \u001b[36m</div>\u001b[39m\n        \u001b[36m</div>\u001b[39m\n        \u001b[36m<div\u001b[39m\n          \u001b[33mclass\u001b[39m=\u001b[32m\"question-input suggestions-container relative\"\u001b[39m\n        \u001b[36m>\u001b[39m\n          \u001b[36m<h2\u001b[39m\n            \u001b[33mclass\u001b[39m=\u001b[32m\"text-4xl md:text-6xl font-bold text-gray-blue mb-4\"\u001b[39m\n            \u001b[33mstyle\u001b[39m=\u001b[32m\"font-family: quasimoda, acumin-pro, Montserrat, sans-serif;\"\u001b[39m\n          \u001b[36m>\u001b[39m\n            \u001b[0mEN IK\u001b[0m\n          \u001b[36m</h2>\u001b[39m\n          \u001b[36m<input\u001b[39m\n            \u001b[33mclass\u001b[39m=\u001b[32m\"\n                w-full text-3xl md:text-5xl font-bold\n                px-6 py-4 border-4 border-gray-light rounded-lg\n                focus:outline-none focus:border-green-main\n                placeholder:text-gray-medium placeholder:font-normal\n                transition-all\n              \"\u001b[39m\n            \u001b[33mplaceholder\u001b[39m=\u001b[32m\"typ je vraag...\"\u001b[39m\n            \u001b[33mstyle\u001b[39m=\u001b[32m\"font-family: Montserrat, sans-serif;\"\u001b[39m\n            \u001b[33mtype\u001b[39m=\u001b[32m\"text\"\u001b[39m\n            \u001b[33mvalue\u001b[39m=\u001b[32m\"ongeval\"\u001b[39m\n          \u001b[36m/>\u001b[39m\n          \u001b[36m<div\u001b[39m\n            \u001b[33mclass\u001b[39m=\u001b[32m\"absolute z-50 w-full mt-2 bg-white border-2 border-gray-light rounded-lg shadow-2xl max-h-96 overflow-y-auto\"\u001b[39m\n          \u001b[36m>\u001b[39m\n            \u001b[36m<button\u001b[39m\n              \u001b[33mclass\u001b[39m=\u001b[32m\"\n                      w-full text-left px-6 py-4 hover:bg-green-main/10 transition-colors\n                      \n                      group\n                    \"\u001b[39m\n            \u001b[36m>\u001b[39m\n              \u001b[36m<div\u001b[39m\n                \u001b[33mclass\u001b[39m=\u001b[32m\"flex items-start gap-3\"\u001b[39m\n              \u001b[36m>\u001b[39m\n                \u001b[36m<span\u001b[39m\n                  \u001b[33mclass\u001b[39m=\u001b[32m\"text-3xl\"\u001b[39m\n                \u001b[36m>\u001b[39m\n                  \u001b[0m🏥\u001b[0m\n                \u001b[36m</span>\u001b[39m\n                \u001b[36m<div\u001b[39m\n                  \u001b[33mclass\u001b[39m=\u001b[32m\"flex-1\"\u001b[39m\n                \u001b[36m>\u001b[39m\n                  \u001b[36m<div\u001b[39m\n                    \u001b[33mclass\u001b[39m=\u001b[32m\"text-lg font-semibold text-gray-blue group-hover:text-green-main\"\u001b[39m\n                  \u001b[36m>\u001b[39m\n                    \u001b[0mheb een ongeval op training/wedstrijd\u001b[0m\n                  \u001b[36m</div>\u001b[39m\n                  \u001b[36m<div\u001b[39m\n                    \u001b[33mclass\u001b[39m=\u001b[32m\"text-sm text-gray-medium mt-1\"\u001b[39m\n                  \u001b[36m>\u001b[39m\n                    \u001b[0mMeld het ongeval onmiddellijk bij je trainer en neem contact op met de verzekeringverantwoordelijke.\u001b[0m\n                  \u001b[36m</div>\u001b[39m\n                  \u001b[36m<div\u001b[39m\n                    \u001b[33mclass\u001b[39m=\u001b[32m\"flex gap-2 mt-2\"\u001b[39m\n                  \u001b[36m>\u001b[39m\n                    \u001b[36m<span\u001b[39m\n                      \u001b[33mclass\u001b[39m=\u001b[32m\"text-xs px-2 py-1 bg-green-main/10 text-green-main rounded\"\u001b[39m\n                    \u001b[36m>\u001b[39m\n                      \u001b[0mmedisch\u001b[0m\n                    \u001b[36m</span>\u001b[39m\n                    \u001b[36m<span\u001b[39m\n                      \u001b[33mclass\u001b[39m=\u001b[32m\"text-xs px-2 py-1 bg-gray-100 text-gray-dark rounded\"\u001b[39m\n                    \u001b[36m>\u001b[39m\n                      \u001b[0m→ \u001b[0m\n                      \u001b[0mVerzekeringverantwoordelijke\u001b[0m\n                    \u001b[36m</span>\u001b[39m\n                  \u001b[36m</div>\u001b[39m\n                \u001b[36m</div>\u001b[39m\n              \u001b[36m</div>\u001b[39m\n            \u001b[36m</button>\u001b[39m\n            \u001b[36m<button\u001b[39m\n              \u001b[33mclass\u001b[39m=\u001b[32m\"\n                      w-full text-left px-6 py-4 hover:bg-green-main/10 transition-colors\n                      border-t border-gray-light\n                      group\n                    \"\u001b[39m\n            \u001b[36m>\u001b[39m\n              \u001b[36m<div\u001b[39m\n                \u001b[33mc...\n    at waitForWrapper (/Users/kevinvanransbeeck/Sites/KCVV/kcvv-nextjs/node_modules/@testing-library/dom/dist/wait-for.js:163:27)\n    at /Users/kevinvanransbeeck/Sites/KCVV/kcvv-nextjs/src/components/responsibility/ResponsibilityFinder.test.tsx:108:13\n    at file:///Users/kevinvanransbeeck/Sites/KCVV/kcvv-nextjs/node_modules/@vitest/runner/dist/index.js:753:20"],"meta":{}},{"ancestorTitles":["ResponsibilityFinder","Search Functionality"],"fullName":"ResponsibilityFinder Search Functionality filters suggestions by selected role","status":"passed","title":"filters suggestions by selected role","duration":58.470374999999876,"failureMessages":[],"meta":{}},{"ancestorTitles":["ResponsibilityFinder","Search Functionality"],"fullName":"ResponsibilityFinder Search Functionality shows maximum 6 suggestions","status":"passed","title":"shows maximum 6 suggestions","duration":23.81754200000023,"failureMessages":[],"meta":{}},{"ancestorTitles":["ResponsibilityFinder","Search Functionality"],"fullName":"ResponsibilityFinder Search Functionality clears search when clicking clear button","status":"failed","title":"clears search when clicking clear button","duration":38.674958999999944,"failureMessages":["TestingLibraryElementError: Unable to find a label with the text of: /clear search/i\n\nIgnored nodes: comments, script, style\n\u001b[36m<body>\u001b[39m\n  \u001b[36m<div>\u001b[39m\n    \u001b[36m<div\u001b[39m\n      \u001b[33mclass\u001b[39m=\u001b[32m\"responsibility-finder \"\u001b[39m\n    \u001b[36m>\u001b[39m\n      \u001b[36m<div\u001b[39m\n        \u001b[33mclass\u001b[39m=\u001b[32m\"question-builder space-y-6\"\u001b[39m\n      \u001b[36m>\u001b[39m\n        \u001b[36m<div\u001b[39m\n          \u001b[33mclass\u001b[39m=\u001b[32m\"role-selector\"\u001b[39m\n        \u001b[36m>\u001b[39m\n          \u001b[36m<h2\u001b[39m\n            \u001b[33mclass\u001b[39m=\u001b[32m\"text-4xl md:text-6xl font-bold text-gray-blue mb-4\"\u001b[39m\n            \u001b[33mstyle\u001b[39m=\u001b[32m\"font-family: quasimoda, acumin-pro, Montserrat, sans-serif;\"\u001b[39m\n          \u001b[36m>\u001b[39m\n            \u001b[0mIK BEN\u001b[0m\n          \u001b[36m</h2>\u001b[39m\n          \u001b[36m<div\u001b[39m\n            \u001b[33mclass\u001b[39m=\u001b[32m\"flex flex-wrap gap-3\"\u001b[39m\n          \u001b[36m>\u001b[39m\n            \u001b[36m<button\u001b[39m\n              \u001b[33mclass\u001b[39m=\u001b[32m\"\n                  px-6 py-3 rounded-lg font-bold text-lg transition-all\n                  bg-green-main text-white shadow-lg scale-105\n                \"\u001b[39m\n              \u001b[33mstyle\u001b[39m=\u001b[32m\"font-family: Montserrat, sans-serif;\"\u001b[39m\n            \u001b[36m>\u001b[39m\n              \u001b[0mSPELER\u001b[0m\n            \u001b[36m</button>\u001b[39m\n            \u001b[36m<button\u001b[39m\n              \u001b[33mclass\u001b[39m=\u001b[32m\"\n                  px-6 py-3 rounded-lg font-bold text-lg transition-all\n                  bg-white text-gray-dark border-2 border-gray-light hover:border-green-main hover:text-green-main\n                \"\u001b[39m\n              \u001b[33mstyle\u001b[39m=\u001b[32m\"font-family: Montserrat, sans-serif;\"\u001b[39m\n            \u001b[36m>\u001b[39m\n              \u001b[0mOUDER\u001b[0m\n            \u001b[36m</button>\u001b[39m\n            \u001b[36m<button\u001b[39m\n              \u001b[33mclass\u001b[39m=\u001b[32m\"\n                  px-6 py-3 rounded-lg font-bold text-lg transition-all\n                  bg-white text-gray-dark border-2 border-gray-light hover:border-green-main hover:text-green-main\n                \"\u001b[39m\n              \u001b[33mstyle\u001b[39m=\u001b[32m\"font-family: Montserrat, sans-serif;\"\u001b[39m\n            \u001b[36m>\u001b[39m\n              \u001b[0mTRAINER\u001b[0m\n            \u001b[36m</button>\u001b[39m\n            \u001b[36m<button\u001b[39m\n              \u001b[33mclass\u001b[39m=\u001b[32m\"\n                  px-6 py-3 rounded-lg font-bold text-lg transition-all\n                  bg-white text-gray-dark border-2 border-gray-light hover:border-green-main hover:text-green-main\n                \"\u001b[39m\n              \u001b[33mstyle\u001b[39m=\u001b[32m\"font-family: Montserrat, sans-serif;\"\u001b[39m\n            \u001b[36m>\u001b[39m\n              \u001b[0mSUPPORTER\u001b[0m\n            \u001b[36m</button>\u001b[39m\n            \u001b[36m<button\u001b[39m\n              \u001b[33mclass\u001b[39m=\u001b[32m\"\n                  px-6 py-3 rounded-lg font-bold text-lg transition-all\n                  bg-white text-gray-dark border-2 border-gray-light hover:border-green-main hover:text-green-main\n                \"\u001b[39m\n              \u001b[33mstyle\u001b[39m=\u001b[32m\"font-family: Montserrat, sans-serif;\"\u001b[39m\n            \u001b[36m>\u001b[39m\n              \u001b[0mNIET-LID\u001b[0m\n            \u001b[36m</button>\u001b[39m\n            \u001b[36m<button\u001b[39m\n              \u001b[33mclass\u001b[39m=\u001b[32m\"\n                  px-6 py-3 rounded-lg font-bold text-lg transition-all\n                  bg-white text-gray-dark border-2 border-gray-light hover:border-green-main hover:text-green-main\n                \"\u001b[39m\n              \u001b[33mstyle\u001b[39m=\u001b[32m\"font-family: Montserrat, sans-serif;\"\u001b[39m\n            \u001b[36m>\u001b[39m\n              \u001b[0mANDERE\u001b[0m\n            \u001b[36m</button>\u001b[39m\n          \u001b[36m</div>\u001b[39m\n        \u001b[36m</div>\u001b[39m\n        \u001b[36m<div\u001b[39m\n          \u001b[33mclass\u001b[39m=\u001b[32m\"question-input suggestions-container relative\"\u001b[39m\n        \u001b[36m>\u001b[39m\n          \u001b[36m<h2\u001b[39m\n            \u001b[33mclass\u001b[39m=\u001b[32m\"text-4xl md:text-6xl font-bold text-gray-blue mb-4\"\u001b[39m\n            \u001b[33mstyle\u001b[39m=\u001b[32m\"font-family: quasimoda, acumin-pro, Montserrat, sans-serif;\"\u001b[39m\n          \u001b[36m>\u001b[39m\n            \u001b[0mEN IK\u001b[0m\n          \u001b[36m</h2>\u001b[39m\n          \u001b[36m<input\u001b[39m\n            \u001b[33mclass\u001b[39m=\u001b[32m\"\n                w-full text-3xl md:text-5xl font-bold\n                px-6 py-4 border-4 border-gray-light rounded-lg\n                focus:outline-none focus:border-green-main\n                placeholder:text-gray-medium placeholder:font-normal\n                transition-all\n              \"\u001b[39m\n            \u001b[33mplaceholder\u001b[39m=\u001b[32m\"typ je vraag...\"\u001b[39m\n            \u001b[33mstyle\u001b[39m=\u001b[32m\"font-family: Montserrat, sans-serif;\"\u001b[39m\n            \u001b[33mtype\u001b[39m=\u001b[32m\"text\"\u001b[39m\n            \u001b[33mvalue\u001b[39m=\u001b[32m\"test\"\u001b[39m\n          \u001b[36m/>\u001b[39m\n          \u001b[36m<div\u001b[39m\n            \u001b[33mclass\u001b[39m=\u001b[32m\"absolute z-50 w-full mt-2 bg-white border-2 border-gray-light rounded-lg shadow-2xl max-h-96 overflow-y-auto\"\u001b[39m\n          \u001b[36m>\u001b[39m\n            \u001b[36m<button\u001b[39m\n              \u001b[33mclass\u001b[39m=\u001b[32m\"\n                      w-full text-left px-6 py-4 hover:bg-green-main/10 transition-colors\n                      \n                      group\n                    \"\u001b[39m\n            \u001b[36m>\u001b[39m\n              \u001b[36m<div\u001b[39m\n                \u001b[33mclass\u001b[39m=\u001b[32m\"flex items-start gap-3\"\u001b[39m\n              \u001b[36m>\u001b[39m\n                \u001b[36m<span\u001b[39m\n                  \u001b[33mclass\u001b[39m=\u001b[32m\"text-3xl\"\u001b[39m\n                \u001b[36m>\u001b[39m\n                  \u001b[0m🏥\u001b[0m\n                \u001b[36m</span>\u001b[39m\n                \u001b[36m<div\u001b[39m\n                  \u001b[33mclass\u001b[39m=\u001b[32m\"flex-1\"\u001b[39m\n                \u001b[36m>\u001b[39m\n                  \u001b[36m<div\u001b[39m\n                    \u001b[33mclass\u001b[39m=\u001b[32m\"text-lg font-semibold text-gray-blue group-hover:text-green-main\"\u001b[39m\n                  \u001b[36m>\u001b[39m\n                    \u001b[0mheb een ongeval op training/wedstrijd\u001b[0m\n                  \u001b[36m</div>\u001b[39m\n                  \u001b[36m<div\u001b[39m\n                    \u001b[33mclass\u001b[39m=\u001b[32m\"text-sm text-gray-medium mt-1\"\u001b[39m\n                  \u001b[36m>\u001b[39m\n                    \u001b[0mMeld het ongeval onmiddellijk bij je trainer en neem contact op met de verzekeringverantwoordelijke.\u001b[0m\n                  \u001b[36m</div>\u001b[39m\n                  \u001b[36m<div\u001b[39m\n                    \u001b[33mclass\u001b[39m=\u001b[32m\"flex gap-2 mt-2\"\u001b[39m\n                  \u001b[36m>\u001b[39m\n                    \u001b[36m<span\u001b[39m\n                      \u001b[33mclass\u001b[39m=\u001b[32m\"text-xs px-2 py-1 bg-green-main/10 text-green-main rounded\"\u001b[39m\n                    \u001b[36m>\u001b[39m\n                      \u001b[0mmedisch\u001b[0m\n                    \u001b[36m</span>\u001b[39m\n                    \u001b[36m<span\u001b[39m\n                      \u001b[33mclass\u001b[39m=\u001b[32m\"text-xs px-2 py-1 bg-gray-100 text-gray-dark rounded\"\u001b[39m\n                    \u001b[36m>\u001b[39m\n                      \u001b[0m→ \u001b[0m\n                      \u001b[0mVerzekeringverantwoordelijke\u001b[0m\n                    \u001b[36m</span>\u001b[39m\n                  \u001b[36m</div>\u001b[39m\n                \u001b[36m</div>\u001b[39m\n              \u001b[36m</div>\u001b[39m\n            \u001b[36m</button>\u001b[39m\n            \u001b[36m<button\u001b[39m\n              \u001b[33mclass\u001b[39m=\u001b[32m\"\n                      w-full text-left px-6 py-4 hover:bg-green-main/10 transition-colors\n                      border-t border-gray-light\n                      group\n                    \"\u001b[39m\n            \u001b[36m>\u001b[39m\n              \u001b[36m<div\u001b[39m\n                \u001b[33mclas...\n    at Object.getElementError (/Users/kevinvanransbeeck/Sites/KCVV/kcvv-nextjs/node_modules/@testing-library/dom/dist/config.js:37:19)\n    at getAllByLabelText (/Users/kevinvanransbeeck/Sites/KCVV/kcvv-nextjs/node_modules/@testing-library/dom/dist/queries/label-text.js:111:38)\n    at /Users/kevinvanransbeeck/Sites/KCVV/kcvv-nextjs/node_modules/@testing-library/dom/dist/query-helpers.js:52:17\n    at /Users/kevinvanransbeeck/Sites/KCVV/kcvv-nextjs/node_modules/@testing-library/dom/dist/query-helpers.js:95:19\n    at /Users/kevinvanransbeeck/Sites/KCVV/kcvv-nextjs/src/components/responsibility/ResponsibilityFinder.test.tsx:159:34\n    at file:///Users/kevinvanransbeeck/Sites/KCVV/kcvv-nextjs/node_modules/@vitest/runner/dist/index.js:753:20"],"meta":{}},{"ancestorTitles":["ResponsibilityFinder","Search Functionality"],"fullName":"ResponsibilityFinder Search Functionality hides suggestions when clicking outside","status":"passed","title":"hides suggestions when clicking outside","duration":64.44279199999983,"failureMessages":[],"meta":{}},{"ancestorTitles":["ResponsibilityFinder","Result Selection"],"fullName":"ResponsibilityFinder Result Selection shows result card when clicking suggestion","status":"passed","title":"shows result card when clicking suggestion","duration":58.68391700000029,"failureMessages":[],"meta":{}},{"ancestorTitles":["ResponsibilityFinder","Result Selection"],"fullName":"ResponsibilityFinder Result Selection calls onResultSelect callback","status":"passed","title":"calls onResultSelect callback","duration":58.48170800000025,"failureMessages":[],"meta":{}},{"ancestorTitles":["ResponsibilityFinder","Result Selection"],"fullName":"ResponsibilityFinder Result Selection displays all result card sections","status":"passed","title":"displays all result card sections","duration":79.98199999999997,"failureMessages":[],"meta":{}},{"ancestorTitles":["ResponsibilityFinder","Accessibility"],"fullName":"ResponsibilityFinder Accessibility has proper ARIA labels","status":"passed","title":"has proper ARIA labels","duration":3.8580830000000788,"failureMessages":[],"meta":{}},{"ancestorTitles":["ResponsibilityFinder","Accessibility"],"fullName":"ResponsibilityFinder Accessibility is keyboard navigable","status":"passed","title":"is keyboard navigable","duration":10.526832999999897,"failureMessages":[],"meta":{}},{"ancestorTitles":["ResponsibilityFinder","Accessibility"],"fullName":"ResponsibilityFinder Accessibility input has placeholder text","status":"passed","title":"input has placeholder text","duration":15.806167000000187,"failureMessages":[],"meta":{}},{"ancestorTitles":["ResponsibilityFinder","Edge Cases"],"fullName":"ResponsibilityFinder Edge Cases handles no search results gracefully","status":"passed","title":"handles no search results gracefully","duration":96.97883300000012,"failureMessages":[],"meta":{}},{"ancestorTitles":["ResponsibilityFinder","Edge Cases"],"fullName":"ResponsibilityFinder Edge Cases handles empty search gracefully","status":"passed","title":"handles empty search gracefully","duration":21.546375000000353,"failureMessages":[],"meta":{}},{"ancestorTitles":["ResponsibilityFinder","Edge Cases"],"fullName":"ResponsibilityFinder Edge Cases handles rapid role switching","status":"passed","title":"handles rapid role switching","duration":28.97679100000005,"failureMessages":[],"meta":{}},{"ancestorTitles":["ResponsibilityFinder","Data Integration"],"fullName":"ResponsibilityFinder Data Integration uses real responsibility paths data","status":"passed","title":"uses real responsibility paths data","duration":0.8819589999998243,"failureMessages":[],"meta":{}},{"ancestorTitles":["ResponsibilityFinder","Data Integration"],"fullName":"ResponsibilityFinder Data Integration matches against keywords correctly","status":"passed","title":"matches against keywords correctly","duration":44.81437499999993,"failureMessages":[],"meta":{}}],"startTime":1763811025243,"endTime":1763811027162.8145,"status":"failed","message":"","name":"/Users/kevinvanransbeeck/Sites/KCVV/kcvv-nextjs/src/components/responsibility/ResponsibilityFinder.test.tsx"},{"assertionResults":[{"ancestorTitles":["Drupal Content Utilities","isDrupalImage"],"fullName":"Drupal Content Utilities isDrupalImage should return true for a valid Drupal image object","status":"passed","title":"should return true for a valid Drupal image object","duration":1.1998340000000098,"failureMessages":[],"meta":{}},{"ancestorTitles":["Drupal Content Utilities","isDrupalImage"],"fullName":"Drupal Content Utilities isDrupalImage should return true for a valid Drupal image object without optional properties","status":"passed","title":"should return true for a valid Drupal image object without optional properties","duration":0.17283300000002555,"failureMessages":[],"meta":{}},{"ancestorTitles":["Drupal Content Utilities","isDrupalImage"],"fullName":"Drupal Content Utilities isDrupalImage should return false for null or undefined","status":"passed","title":"should return false for null or undefined","duration":0.10287499999998317,"failureMessages":[],"meta":{}},{"ancestorTitles":["Drupal Content Utilities","isDrupalImage"],"fullName":"Drupal Content Utilities isDrupalImage should return false for an object missing the uri property","status":"passed","title":"should return false for an object missing the uri property","duration":0.07499999999998863,"failureMessages":[],"meta":{}},{"ancestorTitles":["Drupal Content Utilities","isDrupalImage"],"fullName":"Drupal Content Utilities isDrupalImage should return false for an object missing the url property inside uri","status":"passed","title":"should return false for an object missing the url property inside uri","duration":0.06425000000001546,"failureMessages":[],"meta":{}},{"ancestorTitles":["Drupal Content Utilities","isDrupalImage"],"fullName":"Drupal Content Utilities isDrupalImage should return false for a non-object","status":"passed","title":"should return false for a non-object","duration":0.09666699999996808,"failureMessages":[],"meta":{}},{"ancestorTitles":["Drupal Content Utilities","convertDrupalImagesToAbsolute"],"fullName":"Drupal Content Utilities convertDrupalImagesToAbsolute should convert relative Drupal image URLs to absolute URLs","status":"passed","title":"should convert relative Drupal image URLs to absolute URLs","duration":0.17395799999997053,"failureMessages":[],"meta":{}},{"ancestorTitles":["Drupal Content Utilities","convertDrupalImagesToAbsolute"],"fullName":"Drupal Content Utilities convertDrupalImagesToAbsolute should handle single quotes in src attributes","status":"passed","title":"should handle single quotes in src attributes","duration":0.06675000000001319,"failureMessages":[],"meta":{}},{"ancestorTitles":["Drupal Content Utilities","convertDrupalImagesToAbsolute"],"fullName":"Drupal Content Utilities convertDrupalImagesToAbsolute should convert multiple images in the same HTML string","status":"passed","title":"should convert multiple images in the same HTML string","duration":0.0729170000000181,"failureMessages":[],"meta":{}},{"ancestorTitles":["Drupal Content Utilities","convertDrupalImagesToAbsolute"],"fullName":"Drupal Content Utilities convertDrupalImagesToAbsolute should not modify absolute URLs","status":"passed","title":"should not modify absolute URLs","duration":0.0702089999999771,"failureMessages":[],"meta":{}},{"ancestorTitles":["Drupal Content Utilities","convertDrupalImagesToAbsolute"],"fullName":"Drupal Content Utilities convertDrupalImagesToAbsolute should not modify relative URLs that do not start with /sites/default/","status":"passed","title":"should not modify relative URLs that do not start with /sites/default/","duration":0.0508750000000191,"failureMessages":[],"meta":{}},{"ancestorTitles":["Drupal Content Utilities","convertDrupalImagesToAbsolute"],"fullName":"Drupal Content Utilities convertDrupalImagesToAbsolute should use a custom base URL if provided","status":"passed","title":"should use a custom base URL if provided","duration":0.049791999999968084,"failureMessages":[],"meta":{}}],"startTime":1763811027576,"endTime":1763811027579.073,"status":"passed","message":"","name":"/Users/kevinvanransbeeck/Sites/KCVV/kcvv-nextjs/src/lib/utils/drupal-content.test.ts"},{"assertionResults":[{"ancestorTitles":["PageFooter"],"fullName":"PageFooter renders the footer","status":"passed","title":"renders the footer","duration":30.045374999999922,"failureMessages":[],"meta":{}},{"ancestorTitles":["PageFooter"],"fullName":"PageFooter renders the KCVV logo","status":"passed","title":"renders the KCVV logo","duration":11.207750000000033,"failureMessages":[],"meta":{}},{"ancestorTitles":["PageFooter"],"fullName":"PageFooter renders all 8 contact rows","status":"passed","title":"renders all 8 contact rows","duration":15.553042000000005,"failureMessages":[],"meta":{}},{"ancestorTitles":["PageFooter"],"fullName":"PageFooter renders contact email links","status":"passed","title":"renders contact email links","duration":13.943457999999964,"failureMessages":[],"meta":{}},{"ancestorTitles":["PageFooter"],"fullName":"PageFooter renders social links via SocialLinks component","status":"passed","title":"renders social links via SocialLinks component","duration":4.986333000000059,"failureMessages":[],"meta":{}},{"ancestorTitles":["PageFooter"],"fullName":"PageFooter renders sponsors section heading","status":"passed","title":"renders sponsors section heading","duration":4.614707999999837,"failureMessages":[],"meta":{}},{"ancestorTitles":["PageFooter"],"fullName":"PageFooter renders sponsors description","status":"passed","title":"renders sponsors description","duration":4.630582999999888,"failureMessages":[],"meta":{}},{"ancestorTitles":["PageFooter"],"fullName":"PageFooter renders link to all sponsors page","status":"passed","title":"renders link to all sponsors page","duration":5.021334000000024,"failureMessages":[],"meta":{}},{"ancestorTitles":["PageFooter"],"fullName":"PageFooter renders bottom motto on desktop","status":"passed","title":"renders bottom motto on desktop","duration":17.18095799999992,"failureMessages":[],"meta":{}},{"ancestorTitles":["PageFooter"],"fullName":"PageFooter renders privacy link","status":"passed","title":"renders privacy link","duration":5.0420829999998205,"failureMessages":[],"meta":{}},{"ancestorTitles":["PageFooter"],"fullName":"PageFooter applies custom className","status":"passed","title":"applies custom className","duration":6.145750000000135,"failureMessages":[],"meta":{}},{"ancestorTitles":["PageFooter"],"fullName":"PageFooter has correct background styling with SVG wave","status":"passed","title":"has correct background styling with SVG wave","duration":5.747708000000102,"failureMessages":[],"meta":{}},{"ancestorTitles":["PageFooter"],"fullName":"PageFooter renders address","status":"passed","title":"renders address","duration":6.713040999999976,"failureMessages":[],"meta":{}},{"ancestorTitles":["PageFooter"],"fullName":"PageFooter renders voorzitter name","status":"passed","title":"renders voorzitter name","duration":3.64387499999998,"failureMessages":[],"meta":{}},{"ancestorTitles":["PageFooter"],"fullName":"PageFooter renders GC contact","status":"passed","title":"renders GC contact","duration":3.671291999999994,"failureMessages":[],"meta":{}},{"ancestorTitles":["PageFooter"],"fullName":"PageFooter renders website contact","status":"passed","title":"renders website contact","duration":4.814499999999953,"failureMessages":[],"meta":{}},{"ancestorTitles":["PageFooter"],"fullName":"PageFooter renders verhuur contact","status":"passed","title":"renders verhuur contact","duration":3.4080830000000333,"failureMessages":[],"meta":{}}],"startTime":1763811025391,"endTime":1763811025537.4082,"status":"passed","message":"","name":"/Users/kevinvanransbeeck/Sites/KCVV/kcvv-nextjs/src/components/layout/PageFooter/PageFooter.test.tsx"},{"assertionResults":[{"ancestorTitles":["PageHeader","Rendering"],"fullName":"PageHeader Rendering should render header","status":"passed","title":"should render header","duration":53.45358300000021,"failureMessages":[],"meta":{}},{"ancestorTitles":["PageHeader","Rendering"],"fullName":"PageHeader Rendering should render logo","status":"passed","title":"should render logo","duration":13.920458000000053,"failureMessages":[],"meta":{}},{"ancestorTitles":["PageHeader","Rendering"],"fullName":"PageHeader Rendering should have fixed navigation","status":"passed","title":"should have fixed navigation","duration":38.65937500000018,"failureMessages":[],"meta":{}},{"ancestorTitles":["PageHeader","Mobile View"],"fullName":"PageHeader Mobile View should render mobile hamburger button","status":"passed","title":"should render mobile hamburger button","duration":9.029625000000124,"failureMessages":[],"meta":{}},{"ancestorTitles":["PageHeader","Mobile View"],"fullName":"PageHeader Mobile View should render mobile search link","status":"passed","title":"should render mobile search link","duration":10.801666999999952,"failureMessages":[],"meta":{}},{"ancestorTitles":["PageHeader","Mobile View"],"fullName":"PageHeader Mobile View should open mobile menu when hamburger clicked","status":"passed","title":"should open mobile menu when hamburger clicked","duration":46.22129199999995,"failureMessages":[],"meta":{}},{"ancestorTitles":["PageHeader","Desktop View"],"fullName":"PageHeader Desktop View should render navigation","status":"passed","title":"should render navigation","duration":9.041124999999965,"failureMessages":[],"meta":{}},{"ancestorTitles":["PageHeader","Accessibility"],"fullName":"PageHeader Accessibility should have proper ARIA labels","status":"passed","title":"should have proper ARIA labels","duration":13.768749999999955,"failureMessages":[],"meta":{}},{"ancestorTitles":["PageHeader","Accessibility"],"fullName":"PageHeader Accessibility should be keyboard navigable","status":"passed","title":"should be keyboard navigable","duration":32.548,"failureMessages":[],"meta":{}},{"ancestorTitles":["PageHeader","Custom Props"],"fullName":"PageHeader Custom Props should accept custom className","status":"passed","title":"should accept custom className","duration":7.849124999999958,"failureMessages":[],"meta":{}}],"startTime":1763811025391,"endTime":1763811025629.849,"status":"passed","message":"","name":"/Users/kevinvanransbeeck/Sites/KCVV/kcvv-nextjs/src/components/layout/PageHeader/PageHeader.test.tsx"},{"assertionResults":[{"ancestorTitles":["PageTitle","Rendering"],"fullName":"PageTitle Rendering should render header element","status":"passed","title":"should render header element","duration":18.813834000000043,"failureMessages":[],"meta":{}},{"ancestorTitles":["PageTitle","Rendering"],"fullName":"PageTitle Rendering should render the title text","status":"passed","title":"should render the title text","duration":6.09054100000003,"failureMessages":[],"meta":{}},{"ancestorTitles":["PageTitle","Rendering"],"fullName":"PageTitle Rendering should have correct heading structure","status":"passed","title":"should have correct heading structure","duration":1.977583999999979,"failureMessages":[],"meta":{}},{"ancestorTitles":["PageTitle","Rendering"],"fullName":"PageTitle Rendering should render container with max-width","status":"failed","title":"should render container with max-width","duration":3.6631669999999303,"failureMessages":["Error: \u001b[2mexpect(\u001b[22m\u001b[31mreceived\u001b[39m\u001b[2m).toBeInTheDocument()\u001b[22m\n\n\u001b[31mreceived\u001b[39m value must be an HTMLElement or an SVGElement.\nReceived has type:  Null\nReceived has value: \u001b[31mnull\u001b[39m\n    at Proxy.expectWrapper (file:///Users/kevinvanransbeeck/Sites/KCVV/kcvv-nextjs/node_modules/@vitest/expect/dist/index.js:1801:36)\n    at Proxy.<anonymous> (file:///Users/kevinvanransbeeck/Sites/KCVV/kcvv-nextjs/node_modules/@vitest/expect/dist/index.js:1090:14)\n    at Proxy.methodWrapper (file:///Users/kevinvanransbeeck/Sites/KCVV/kcvv-nextjs/node_modules/chai/index.js:1700:25)\n    at /Users/kevinvanransbeeck/Sites/KCVV/kcvv-nextjs/src/components/layout/PageTitle/PageTitle.test.tsx:30:30\n    at file:///Users/kevinvanransbeeck/Sites/KCVV/kcvv-nextjs/node_modules/@vitest/runner/dist/index.js:157:11\n    at file:///Users/kevinvanransbeeck/Sites/KCVV/kcvv-nextjs/node_modules/@vitest/runner/dist/index.js:753:26\n    at file:///Users/kevinvanransbeeck/Sites/KCVV/kcvv-nextjs/node_modules/@vitest/runner/dist/index.js:1636:20\n  
[...]
8,"failureMessages":[],"meta":{}},{"ancestorTitles":["ArticleBody"],"fullName":"ArticleBody renders lists","status":"passed","title":"renders lists","duration":1.327083000000016,"failureMessages":[],"meta":{}},{"ancestorTitles":["ArticleBody"],"fullName":"ArticleBody renders blockquotes","status":"passed","title":"renders blockquotes","duration":0.6905829999999469,"failureMessages":[],"meta":{}},{"ancestorTitles":["ArticleBody"],"fullName":"ArticleBody applies custom className","status":"passed","title":"applies custom className","duration":0.9164169999999672,"failureMessages":[],"meta":{}},{"ancestorTitles":["ArticleBody"],"fullName":"ArticleBody has correct base styling classes","status":"passed","title":"has correct base styling classes","duration":0.5260829999999714,"failureMessages":[],"meta":{}},{"ancestorTitles":["ArticleBody"],"fullName":"ArticleBody renders empty content without crashing","status":"passed","title":"renders empty content without crashing","duration":0.8117090000000076,"failureMessages":[],"meta":{}},{"ancestorTitles":["ArticleBody"],"fullName":"ArticleBody renders complex HTML structure","status":"passed","title":"renders complex HTML structure","duration":2.9203339999999685,"failureMessages":[],"meta":{}},{"ancestorTitles":["ArticleBody"],"fullName":"ArticleBody sanitizes dangerous scripts (security)","status":"passed","title":"sanitizes dangerous scripts (security)","duration":0.7729160000000093,"failureMessages":[],"meta":{}},{"ancestorTitles":["ArticleBody"],"fullName":"ArticleBody renders images","status":"passed","title":"renders images","duration":0.6356249999999477,"failureMessages":[],"meta":{}},{"ancestorTitles":["ArticleBody"],"fullName":"ArticleBody renders content with inline styles","status":"passed","title":"renders content with inline styles","duration":0.4530419999999822,"failureMessages":[],"meta":{}}],"startTime":1763811026568,"endTime":1763811026612.4531,"status":"passed","message":"","name":"/Users/kevinvanransbeeck/Sites/KCVV/kcvv-nextjs/src/components/domain/article/ArticleBody/ArticleBody.test.tsx"},{"assertionResults":[{"ancestorTitles":["ArticleCard","Rendering"],"fullName":"ArticleCard Rendering should render article element","status":"passed","title":"should render article element","duration":15.225666999999987,"failureMessages":[],"meta":{}},{"ancestorTitles":["ArticleCard","Rendering"],"fullName":"ArticleCard Rendering should render the title","status":"passed","title":"should render the title","duration":6.001582999999982,"failureMessages":[],"meta":{}},{"ancestorTitles":["ArticleCard","Rendering"],"fullName":"ArticleCard Rendering should render as a link","status":"passed","title":"should render as a link","duration":2.052500000000009,"failureMessages":[],"meta":{}},{"ancestorTitles":["ArticleCard","Rendering"],"fullName":"ArticleCard Rendering should have correct heading structure","status":"passed","title":"should have correct heading structure","duration":1.484375,"failureMessages":[],"meta":{}},{"ancestorTitles":["ArticleCard","Image Rendering"],"fullName":"ArticleCard Image Rendering should render image when imageUrl is provided","status":"passed","title":"should render image when imageUrl is provided","duration":3.521458999999993,"failureMessages":[],"meta":{}},{"ancestorTitles":["ArticleCard","Image Rendering"],"fullName":"ArticleCard Image Rendering should use title as alt text when imageAlt is not provided","status":"passed","title":"should use title as alt text when imageAlt is not provided","duration":1.4250000000000114,"failureMessages":[],"meta":{}},{"ancestorTitles":["ArticleCard","Image Rendering"],"fullName":"ArticleCard Image Rendering should not render image when imageUrl is not provided","status":"passed","title":"should not render image when imageUrl is not provided","duration":0.7413339999999948,"failureMessages":[],"meta":{}},{"ancestorTitles":["ArticleCard","Image Rendering"],"fullName":"ArticleCard Image Rendering should have correct image container classes","status":"passed","title":"should have correct image container classes","duration":0.8306249999999977,"failureMessages":[],"meta":{}},{"ancestorTitles":["ArticleCard","Metadata Rendering"],"fullName":"ArticleCard Metadata Rendering should render date when provided","status":"passed","title":"should render date when provided","duration":2.8988750000000323,"failureMessages":[],"meta":{}},{"ancestorTitles":["ArticleCard","Metadata Rendering"],"fullName":"ArticleCard Metadata Rendering should render tags when provided","status":"passed","title":"should render tags when provided","duration":1.672375000000045,"failureMessages":[],"meta":{}},{"ancestorTitles":["ArticleCard","Metadata Rendering"],"fullName":"ArticleCard Metadata Rendering should render both date and tags","status":"passed","title":"should render both date and tags","duration":1.3772090000000503,"failureMessages":[],"meta":{}},{"ancestorTitles":["ArticleCard","Metadata Rendering"],"fullName":"ArticleCard Metadata Rendering should not render meta section when no date or tags","status":"passed","title":"should not render meta section when no date or tags","duration":0.5702080000000365,"failureMessages":[],"meta":{}},{"ancestorTitles":["ArticleCard","Metadata Rendering"],"fullName":"ArticleCard Metadata Rendering should render clock icon with date","status":"passed","title":"should render clock icon with date","duration":0.8024169999999913,"failureMessages":[],"meta":{}},{"ancestorTitles":["ArticleCard","Metadata Rendering"],"fullName":"ArticleCard Metadata Rendering should render tags icon with tags","status":"passed","title":"should render tags icon with tags","duration":0.8460419999999544,"failureMessages":[],"meta":{}},{"ancestorTitles":["ArticleCard","Custom Props"],"fullName":"ArticleCard Custom Props should accept custom className","status":"passed","title":"should accept custom className","duration":0.688541999999984,"failureMessages":[],"meta":{}},{"ancestorTitles":["ArticleCard","Custom Props"],"fullName":"ArticleCard Custom Props should handle empty tags array","status":"passed","title":"should handle empty tags array","duration":0.6042079999999714,"failureMessages":[],"meta":{}},{"ancestorTitles":["ArticleCard","Edge Cases"],"fullName":"ArticleCard Edge Cases should handle long titles with line clamping","status":"passed","title":"should handle long titles with line clamping","duration":0.9438339999999812,"failureMessages":[],"meta":{}},{"ancestorTitles":["ArticleCard","Edge Cases"],"fullName":"ArticleCard Edge Cases should handle short titles","status":"passed","title":"should handle short titles","duration":0.8804170000000227,"failureMessages":[],"meta":{}},{"ancestorTitles":["ArticleCard","Edge Cases"],"fullName":"ArticleCard Edge Cases should handle multiple tags","status":"passed","title":"should handle multiple tags","duration":1.2114579999999933,"failureMessages":[],"meta":{}},{"ancestorTitles":["ArticleCard","Edge Cases"],"fullName":"ArticleCard Edge Cases should handle special characters in title","status":"passed","title":"should handle special characters in title","duration":4.2042920000000095,"failureMessages":[],"meta":{}},{"ancestorTitles":["ArticleCard","Edge Cases"],"fullName":"ArticleCard Edge Cases should handle special characters in tags","status":"passed","title":"should handle special characters in tags","duration":1.3394999999999868,"failureMessages":[],"meta":{}},{"ancestorTitles":["ArticleCard","Responsive Design"],"fullName":"ArticleCard Responsive Design should have mobile layout classes","status":"passed","title":"should have mobile layout classes","duration":6.483667000000025,"failureMessages":[],"meta":{}},{"ancestorTitles":["ArticleCard","Responsive Design"],"fullName":"ArticleCard Responsive Design should have desktop layout classes","status":"passed","title":"should have desktop layout classes","duration":1.118082999999956,"failureMessages":[],"meta":{}},{"ancestorTitles":["ArticleCard","Responsive Design"],"fullName":"ArticleCard Responsive Design should have border on mobile","status":"passed","title":"should have border on mobile","duration":0.5614160000000084,"failureMessages":[],"meta":{}},{"ancestorTitles":["ArticleCard","Responsive Design"],"fullName":"ArticleCard Responsive Design should remove border on desktop","status":"passed","title":"should remove border on desktop","duration":0.49945900000000165,"failureMessages":[],"meta":{}},{"ancestorTitles":["ArticleCard","Hover Effects"],"fullName":"ArticleCard Hover Effects should have group class for hover coordination","status":"passed","title":"should have group class for hover coordination","duration":0.5832920000000286,"failureMessages":[],"meta":{}},{"ancestorTitles":["ArticleCard","Hover Effects"],"fullName":"ArticleCard Hover Effects should have image zoom classes","status":"passed","title":"should have image zoom classes","duration":0.8618749999999977,"failureMessages":[],"meta":{}},{"ancestorTitles":["ArticleCard","Hover Effects"],"fullName":"ArticleCard Hover Effects should have card lift classes","status":"passed","title":"should have card lift classes","duration":0.599790999999982,"failureMessages":[],"meta":{}},{"ancestorTitles":["ArticleCard","Accessibility"],"fullName":"ArticleCard Accessibility should have semantic article element","status":"passed","title":"should have semantic article element","duration":0.40566599999999653,"failureMessages":[],"meta":{}},{"ancestorTitles":["ArticleCard","Accessibility"],"fullName":"ArticleCard Accessibility should have accessible link","status":"passed","title":"should have accessible link","duration":0.6573750000000018,"failureMessages":[],"meta":{}},{"ancestorTitles":["ArticleCard","Accessibility"],"fullName":"ArticleCard Accessibility should have descriptive link text","status":"passed","title":"should have descriptive link text","duration":0.8239169999999945,"failureMessages":[],"meta":{}},{"ancestorTitles":["ArticleCard","Accessibility"],"fullName":"ArticleCard Accessibility should have proper heading hierarchy","status":"passed","title":"should have proper heading hierarchy","duration":0.7496669999999881,"failureMessages":[],"meta":{}},{"ancestorTitles":["ArticleCard","Accessibility"],"fullName":"ArticleCard Accessibility should have image alt text","status":"passed","title":"should have image alt text","duration":0.7087089999999989,"failureMessages":[],"meta":{}},{"ancestorTitles":["ArticleCard","Visual Consistency"],"fullName":"ArticleCard Visual Consistency should match Gatsby CardTeaser design","status":"passed","title":"should match Gatsby CardTeaser design","duration":1.7027909999999906,"failureMessages":[],"meta":{}},{"ancestorTitles":["ArticleCard","Visual Consistency"],"fullName":"ArticleCard Visual Consistency should have content card with shadow on desktop","status":"passed","title":"should have content card with shadow on desktop","duration":0.5710839999999848,"failureMessages":[],"meta":{}},{"ancestorTitles":["ArticleCard","Visual Consistency"],"fullName":"ArticleCard Visual Consistency should have negative margin overlap on desktop","status":"passed","title":"should have negative margin overlap on desktop","duration":0.9000419999999849,"failureMessages":[],"meta":{}},{"ancestorTitles":["ArticleCard","Integration"],"fullName":"ArticleCard Integration should render in a grid layout","status":"passed","title":"should render in a grid layout","duration":1.4828750000000355,"failureMessages":[],"meta":{}},{"ancestorTitles":["ArticleCard","Integration"],"fullName":"ArticleCard Integration should work with full props","status":"passed","title":"should work with full props","duration":2.2102500000000305,"failureMessages":[],"meta":{}}],"startTime":1763811025816,"endTime":1763811025886.2102,"status":"passed","message":"","name":"/Users/kevinvanransbeeck/Sites/KCVV/kcvv-nextjs/src/components/domain/article/ArticleCard/ArticleCard.test.tsx"},{"assertionResults":[{"ancestorTitles":["ArticleFooter"],"fullName":"ArticleFooter renders the heading","status":"passed","title":"renders the heading","duration":23.62745799999999,"failureMessages":[],"meta":{}},{"ancestorTitles":["ArticleFooter"],"fullName":"ArticleFooter renders all related content items","status":"passed","title":"renders all related content items","duration":3.5309589999999957,"failureMessages":[],"meta":{}},{"ancestorTitles":["ArticleFooter"],"fullName":"ArticleFooter renders links with correct hrefs","status":"passed","title":"renders links with correct hrefs","duration":4.329625000000021,"failureMessages":[],"meta":{}},{"ancestorTitles":["ArticleFooter"],"fullName":"ArticleFooter renders icons for different content types","status":"passed","title":"renders icons for different content types","duration":2.7224160000000097,"failureMessages":[],"meta":{}},{"ancestorTitles":["ArticleFooter"],"fullName":"ArticleFooter does not render when relatedContent is empty","status":"passed","title":"does not render when relatedContent is empty","duration":0.5336250000000291,"failureMessages":[],"meta":{}},{"ancestorTitles":["ArticleFooter"],"fullName":"ArticleFooter does not render when relatedContent is undefined","status":"passed","title":"does not render when relatedContent is undefined","duration":0.38520799999997735,"failureMessages":[],"meta":{}},{"ancestorTitles":["ArticleFooter"],"fullName":"ArticleFooter renders single item spanning full width","status":"passed","title":"renders single item spanning full width","duration":1.7351249999999823,"failureMessages":[],"meta":{}},{"ancestorTitles":["ArticleFooter"],"fullName":"ArticleFooter renders multiple items in grid","status":"passed","title":"renders multiple items in grid","duration":1.9844169999999508,"failureMessages":[],"meta":{}},{"ancestorTitles":["ArticleFooter"],"fullName":"ArticleFooter has correct background color","status":"passed","title":"has correct background color","duration":1.8798330000000192,"failureMessages":[],"meta":{}},{"ancestorTitles":["ArticleFooter"],"fullName":"ArticleFooter applies custom className","status":"passed","title":"applies custom className","duration":1.750583000000006,"failureMessages":[],"meta":{}},{"ancestorTitles":["ArticleFooter"],"fullName":"ArticleFooter renders all content types correctly","status":"passed","title":"renders all content types correctly","duration":6.636332999999979,"failureMessages":[],"meta":{}},{"ancestorTitles":["ArticleFooter"],"fullName":"ArticleFooter renders white text links","status":"passed","title":"renders white text links","duration":2.8634999999999877,"failureMessages":[],"meta":{}}],"startTime":1763811025967,"endTime":1763811026018.8635,"status":"passed","message":"","name":"/Users/kevinvanransbeeck/Sites/KCVV/kcvv-nextjs/src/components/domain/article/ArticleFooter/ArticleFooter.test.tsx"},{"assertionResults":[{"ancestorTitles":["ArticleHeader"],"fullName":"ArticleHeader renders the article title","status":"passed","title":"renders the article title","duration":22.79808300000002,"failureMessages":[],"meta":{}},{"ancestorTitles":["ArticleHeader"],"fullName":"ArticleHeader renders the hero image","status":"passed","title":"renders the hero image","duration":3.563791999999978,"failureMessages":[],"meta":{}},{"ancestorTitles":["ArticleHeader"],"fullName":"ArticleHeader renders hero image with correct alt text","status":"passed","title":"renders hero image with correct alt text","duration":2.2919169999999554,"failureMessages":[],"meta":{}},{"ancestorTitles":["ArticleHeader"],"fullName":"ArticleHeader renders blurred background container on desktop","status":"passed","title":"renders blurred background container on desktop","duration":1.789625000000001,"failureMessages":[],"meta":{}},{"ancestorTitles":["ArticleHeader"],"fullName":"ArticleHeader applies custom className","status":"passed","title":"applies custom className","duration":2.0874580000000265,"failureMessages":[],"meta":{}},{"ancestorTitles":["ArticleHeader"],"fullName":"ArticleHeader has correct heading structure","status":"passed","title":"has correct heading structure","duration":2.403624999999977,"failureMessages":[],"meta":{}},{"ancestorTitles":["ArticleHeader"],"fullName":"ArticleHeader renders header element","status":"passed","title":"renders header element","duration":1.4735000000000014,"failureMessages":[],"meta":{}},{"ancestorTitles":["ArticleHeader"],"fullName":"ArticleHeader handles long titles","status":"passed","title":"handles long titles","duration":2.3332080000000133,"failureMessages":[],"meta":{}},{"ancestorTitles":["ArticleHeader"],"fullName":"ArticleHeader handles missing image alt text","status":"passed","title":"handles missing image alt text","duration":2.671791999999982,"failureMessages":[],"meta":{}}],"startTime":1763811026371,"endTime":1763811026412.6719,"status":"passed","message":"","name":"/Users/kevinvanransbeeck/Sites/KCVV/kcvv-nextjs/src/components/domain/article/ArticleHeader/ArticleHeader.test.tsx"},{"assertionResults":[{"ancestorTitles":["ArticleMetadata"],"fullName":"ArticleMetadata renders the author name","status":"passed","title":"renders the author name","duration":18.48237499999999,"failureMessages":[],"meta":{}},{"ancestorTitles":["ArticleMetadata"],"fullName":"ArticleMetadata renders \"Geschreven door\" text","status":"passed","title":"renders \"Geschreven door\" text","duration":1.8222079999999892,"failureMessages":[],"meta":{}},{"ancestorTitles":["ArticleMetadata"],"fullName":"ArticleMetadata renders the date","status":"passed","title":"renders the date","duration":1.234583999999984,"failureMessages":[],"meta":{}},{"ancestorTitles":["ArticleMetadata"],"fullName":"ArticleMetadata renders clock icon for date","status":"passed","title":"renders clock icon for date","duration":1.340041000000042,"failureMessages":[],"meta":{}},{"ancestorTitles":["ArticleMetadata"],"fullName":"ArticleMetadata renders tags when provided","status":"passed","title":"renders tags when provided","duration":4.0496669999999995,"failureMessages":[],"meta":{}},{"ancestorTitles":["ArticleMetadata"],"fullName":"ArticleMetadata renders tags as links","status":"passed","title":"renders tags as links","duration":1.8783750000000055,"failureMessages":[],"meta":{}},{"ancestorTitles":["ArticleMetadata"],"fullName":"ArticleMetadata does not render tags section when empty","status":"passed","title":"does not render tags section when empty","duration":1.0235419999999635,"failureMessages":[],"meta":{}},{"ancestorTitles":["ArticleMetadata"],"fullName":"ArticleMetadata renders share buttons when shareConfig provided","status":"passed","title":"renders share buttons when shareConfig provided","duration":4.559584000000029,"failureMessages":[],"meta":{}},{"ancestorTitles":["ArticleMetadata"],"fullName":"ArticleMetadata does not render share buttons without shareConfig","status":"passed","title":"does not render share buttons without shareConfig","duration":1.1045410000000402,"failureMessages":[],"meta":{}},{"ancestorTitles":["ArticleMetadata"],"fullName":"ArticleMetadata applies custom className","status":"passed","title":"applies custom className","duration":1.1355839999999944,"failureMessages":[],"meta":{}},{"ancestorTitles":["ArticleMetadata"],"fullName":"ArticleMetadata renders section element","status":"passed","title":"renders section element","duration":0.7155419999999708,"failureMessages":[],"meta":{}},{"ancestorTitles":["ArticleMetadata"],"fullName":"ArticleMetadata handles multiple tags","status":"passed","title":"handles multiple tags","duration":1.8031250000000227,"failureMessages":[],"meta":{}},{"ancestorTitles":["ArticleMetadata"],"fullName":"ArticleMetadata formats author display correctly","status":"passed","title":"formats author display correctly","duration":0.9891250000000014,"failureMessages":[],"meta":{}}],"startTime":1763811026407,"endTime":1763811026446.989,"status":"passed","message":"","name":"/Users/kevinvanransbeeck/Sites/KCVV/kcvv-nextjs/src/components/domain/article/ArticleMetadata/ArticleMetadata.test.tsx"}]}